shfmt hasn't downloaded yet!Error: ENOENT: no such file or directory, stat '/home/martin/.vscode/extensions/foxundermoon.shell-format-7.2.5/bin/shfmt_v3.6.0_linux_amd64'
Shfmt will be downloaded automatically!
download url: https://github.com/mvdan/sh/releases/download/v3.6.0/shfmt_v3.6.0_linux_amd64
download to: /home/martin/.vscode/extensions/foxundermoon.shell-format-7.2.5/bin/shfmt_v3.6.0_linux_amd64
If the download fails, you can manually download it to the dest directory.
Or download to another directory, and then set the "shellformat.path" as the path
download shfmt page: https://github.com/mvdan/sh/releases
You can't use this plugin until the download is successful.
downloaded:[0.05%]
downloaded:[0.10%]
downloaded:[0.15%]
downloaded:[0.19%]
downloaded:[0.24%]
downloaded:[0.29%]
downloaded:[0.34%]
downloaded:[0.39%]
downloaded:[0.44%]
downloaded:[0.48%]
downloaded:[0.53%]
downloaded:[0.57%]
downloaded:[0.62%]
downloaded:[0.67%]
downloaded:[0.72%]
downloaded:[0.77%]
downloaded:[0.82%]
downloaded:[0.86%]
downloaded:[0.91%]
downloaded:[0.96%]
downloaded:[1.01%]
downloaded:[1.06%]
downloaded:[1.11%]
downloaded:[1.15%]
downloaded:[1.20%]
downloaded:[1.25%]
downloaded:[1.30%]
downloaded:[1.35%]
downloaded:[1.40%]
downloaded:[1.44%]
downloaded:[1.49%]
downloaded:[1.54%]
downloaded:[1.59%]
downloaded:[1.64%]
downloaded:[1.69%]
downloaded:[1.73%]
downloaded:[1.78%]
downloaded:[1.83%]
downloaded:[1.88%]
downloaded:[1.93%]
downloaded:[1.98%]
downloaded:[2.02%]
downloaded:[2.07%]
downloaded:[2.12%]
downloaded:[2.17%]
downloaded:[2.22%]
downloaded:[2.25%]
downloaded:[2.82%]
downloaded:[3.39%]
downloaded:[3.97%]
downloaded:[4.54%]
downloaded:[5.12%]
downloaded:[5.69%]
downloaded:[5.84%]
downloaded:[6.41%]
downloaded:[6.99%]
downloaded:[7.56%]
downloaded:[8.14%]
downloaded:[8.71%]
downloaded:[9.29%]
downloaded:[9.86%]
downloaded:[10.44%]
downloaded:[11.01%]
downloaded:[11.58%]
downloaded:[12.16%]
downloaded:[12.73%]
downloaded:[13.31%]
downloaded:[13.88%]
downloaded:[14.46%]
downloaded:[15.03%]
downloaded:[15.61%]
downloaded:[16.18%]
downloaded:[16.76%]
downloaded:[17.33%]
downloaded:[17.91%]
downloaded:[18.48%]
downloaded:[19.06%]
downloaded:[19.63%]
downloaded:[20.06%]
downloaded:[20.64%]
downloaded:[21.21%]
downloaded:[21.79%]
downloaded:[22.36%]
downloaded:[22.94%]
downloaded:[23.51%]
downloaded:[24.08%]
downloaded:[24.66%]
downloaded:[25.23%]
downloaded:[25.81%]
downloaded:[26.38%]
downloaded:[26.96%]
downloaded:[27.53%]
downloaded:[28.11%]
downloaded:[28.68%]
downloaded:[29.26%]
downloaded:[29.83%]
downloaded:[30.41%]
downloaded:[30.98%]
downloaded:[31.56%]
downloaded:[32.13%]
downloaded:[32.71%]
downloaded:[33.28%]
downloaded:[33.85%]
downloaded:[34.43%]
downloaded:[35.00%]
downloaded:[35.58%]
downloaded:[36.15%]
downloaded:[36.73%]
downloaded:[37.30%]
downloaded:[37.88%]
downloaded:[38.45%]
downloaded:[39.03%]
downloaded:[39.60%]
downloaded:[40.18%]
downloaded:[40.75%]
downloaded:[41.33%]
downloaded:[41.90%]
downloaded:[42.48%]
downloaded:[43.05%]
downloaded:[43.62%]
downloaded:[44.20%]
downloaded:[44.77%]
downloaded:[45.35%]
downloaded:[45.92%]
downloaded:[46.50%]
downloaded:[47.07%]
downloaded:[47.65%]
downloaded:[48.22%]
downloaded:[48.80%]
downloaded:[49.37%]
downloaded:[49.95%]
downloaded:[50.52%]
downloaded:[51.10%]
downloaded:[51.67%]
downloaded:[52.25%]
downloaded:[52.82%]
downloaded:[53.39%]
downloaded:[53.97%]
downloaded:[54.54%]
downloaded:[55.12%]
downloaded:[55.69%]
downloaded:[56.27%]
downloaded:[56.84%]
downloaded:[57.42%]
downloaded:[57.99%]
downloaded:[58.57%]
downloaded:[59.14%]
downloaded:[59.72%]
downloaded:[60.29%]
downloaded:[60.87%]
downloaded:[61.44%]
downloaded:[62.02%]
downloaded:[62.59%]
downloaded:[63.17%]
downloaded:[63.74%]
downloaded:[64.31%]
downloaded:[64.89%]
downloaded:[65.46%]
downloaded:[66.04%]
downloaded:[66.61%]
downloaded:[67.19%]
downloaded:[67.76%]
downloaded:[68.34%]
downloaded:[68.91%]
downloaded:[69.49%]
downloaded:[70.06%]
downloaded:[70.64%]
downloaded:[71.21%]
downloaded:[71.79%]
downloaded:[72.36%]
downloaded:[72.94%]
downloaded:[73.51%]
downloaded:[74.08%]
downloaded:[74.66%]
downloaded:[75.23%]
downloaded:[75.81%]
downloaded:[76.38%]
downloaded:[76.96%]
downloaded:[77.53%]
downloaded:[78.11%]
downloaded:[78.68%]
downloaded:[79.26%]
downloaded:[79.83%]
downloaded:[80.41%]
downloaded:[80.98%]
downloaded:[81.56%]
downloaded:[82.13%]
downloaded:[82.71%]
downloaded:[83.28%]
downloaded:[83.85%]
downloaded:[84.43%]
downloaded:[85.00%]
downloaded:[85.58%]
downloaded:[86.15%]
downloaded:[86.73%]
downloaded:[87.30%]
downloaded:[87.88%]
downloaded:[88.45%]
downloaded:[89.03%]
downloaded:[89.60%]
downloaded:[90.18%]
downloaded:[90.75%]
downloaded:[91.33%]
downloaded:[91.90%]
downloaded:[92.48%]
downloaded:[93.05%]
downloaded:[93.62%]
downloaded:[94.20%]
downloaded:[94.77%]
downloaded:[95.35%]
downloaded:[95.92%]
downloaded:[96.50%]
downloaded:[97.07%]
downloaded:[97.65%]
downloaded:[98.22%]
downloaded:[98.80%]
downloaded:[99.37%]
downloaded:[99.95%]
downloaded:[100.00%]
download success, You can use it successfully!
Start or issues can be submitted here https://git.io/shfmt
Effective shfmt flags: -i=2
Effective shfmt flags: -i=4
Effective shfmt flags: -i=4
Effective shfmt flags: -i=4
Effective shfmt flags: -i=4
Effective shfmt flags: -i=4
Effective shfmt flags: -i=4
Effective shfmt flags: -i=4
