2024-10-14 20:34:22.226 [info] [main] Log level: Info
2024-10-14 20:34:22.226 [info] [main] Validating found git in: "git"
2024-10-14 20:34:22.226 [info] [main] Using git "2.47.0" from "git"
2024-10-14 20:34:22.226 [info] [Model][doInitialScan] Initial repository scan started
2024-10-14 20:34:22.226 [info] > git rev-parse --show-toplevel [3ms]
2024-10-14 20:34:22.226 [info] fatal: not a git repository (or any of the parent directories): .git
2024-10-14 20:34:22.226 [info] > git rev-parse --show-toplevel [6ms]
2024-10-14 20:34:22.226 [info] fatal: not a git repository (or any of the parent directories): .git
2024-10-14 20:34:22.253 [info] > git rev-parse --show-toplevel [5ms]
2024-10-14 20:34:22.253 [info] fatal: not a git repository (or any of the parent directories): .git
2024-10-14 20:34:22.276 [info] > git rev-parse --show-toplevel [1ms]
2024-10-14 20:34:22.276 [info] fatal: not a git repository (or any of the parent directories): .git
2024-10-14 20:34:22.289 [info] > git rev-parse --show-toplevel [1ms]
2024-10-14 20:34:22.289 [info] fatal: not a git repository (or any of the parent directories): .git
2024-10-14 20:34:22.306 [info] > git rev-parse --show-toplevel [0ms]
2024-10-14 20:34:22.306 [info] fatal: not a git repository (or any of the parent directories): .git
2024-10-14 20:34:22.321 [info] > git rev-parse --show-toplevel [3ms]
2024-10-14 20:34:22.321 [info] fatal: not a git repository (or any of the parent directories): .git
2024-10-14 20:34:22.335 [info] > git rev-parse --show-toplevel [0ms]
2024-10-14 20:34:22.335 [info] fatal: not a git repository (or any of the parent directories): .git
2024-10-14 20:34:22.355 [info] > git rev-parse --show-toplevel [9ms]
2024-10-14 20:34:22.355 [info] fatal: not a git repository (or any of the parent directories): .git
2024-10-14 20:34:22.365 [info] > git rev-parse --show-toplevel [0ms]
2024-10-14 20:34:22.365 [info] fatal: not a git repository (or any of the parent directories): .git
2024-10-14 20:34:22.375 [info] > git rev-parse --show-toplevel [1ms]
2024-10-14 20:34:22.375 [info] fatal: not a git repository (or any of the parent directories): .git
2024-10-14 20:34:22.382 [info] > git rev-parse --show-toplevel [1ms]
2024-10-14 20:34:22.382 [info] fatal: not a git repository (or any of the parent directories): .git
2024-10-14 20:34:22.391 [info] > git rev-parse --show-toplevel [1ms]
2024-10-14 20:34:22.391 [info] fatal: not a git repository (or any of the parent directories): .git
2024-10-14 20:34:22.399 [info] > git rev-parse --show-toplevel [0ms]
2024-10-14 20:34:22.399 [info] fatal: not a git repository (or any of the parent directories): .git
2024-10-14 20:34:22.407 [info] > git rev-parse --show-toplevel [0ms]
2024-10-14 20:34:22.407 [info] fatal: not a git repository (or any of the parent directories): .git
2024-10-14 20:34:22.429 [info] > git rev-parse --show-toplevel [11ms]
2024-10-14 20:34:22.429 [info] fatal: not a git repository (or any of the parent directories): .git
2024-10-14 20:34:22.442 [info] > git rev-parse --show-toplevel [2ms]
2024-10-14 20:34:22.442 [info] fatal: not a git repository (or any of the parent directories): .git
2024-10-14 20:34:22.455 [info] > git rev-parse --show-toplevel [0ms]
2024-10-14 20:34:22.455 [info] fatal: not a git repository (or any of the parent directories): .git
2024-10-14 20:34:22.475 [info] > git rev-parse --show-toplevel [3ms]
2024-10-14 20:34:22.475 [info] fatal: not a git repository (or any of the parent directories): .git
2024-10-14 20:34:22.481 [info] > git rev-parse --show-toplevel [1ms]
2024-10-14 20:34:22.481 [info] fatal: not a git repository (or any of the parent directories): .git
2024-10-14 20:34:22.497 [info] > git rev-parse --show-toplevel [2ms]
2024-10-14 20:34:22.497 [info] fatal: not a git repository (or any of the parent directories): .git
2024-10-14 20:34:22.515 [info] > git rev-parse --show-toplevel [0ms]
2024-10-14 20:34:22.515 [info] fatal: not a git repository (or any of the parent directories): .git
2024-10-14 20:34:22.532 [info] > git rev-parse --show-toplevel [1ms]
2024-10-14 20:34:22.532 [info] fatal: not a git repository (or any of the parent directories): .git
2024-10-14 20:34:22.555 [info] > git rev-parse --show-toplevel [0ms]
2024-10-14 20:34:22.556 [info] fatal: not a git repository (or any of the parent directories): .git
2024-10-14 20:34:22.576 [info] > git rev-parse --show-toplevel [11ms]
2024-10-14 20:34:22.576 [info] fatal: not a git repository (or any of the parent directories): .git
2024-10-14 20:34:22.585 [info] > git rev-parse --show-toplevel [0ms]
2024-10-14 20:34:22.585 [info] fatal: not a git repository (or any of the parent directories): .git
2024-10-14 20:34:22.595 [info] > git rev-parse --show-toplevel [5ms]
2024-10-14 20:34:22.595 [info] fatal: not a git repository (or any of the parent directories): .git
2024-10-14 20:34:22.605 [info] > git rev-parse --show-toplevel [4ms]
2024-10-14 20:34:22.605 [info] fatal: not a git repository (or any of the parent directories): .git
2024-10-14 20:34:22.615 [info] > git rev-parse --show-toplevel [4ms]
2024-10-14 20:34:22.615 [info] fatal: not a git repository (or any of the parent directories): .git
2024-10-14 20:34:22.622 [info] > git rev-parse --show-toplevel [1ms]
2024-10-14 20:34:22.622 [info] fatal: not a git repository (or any of the parent directories): .git
2024-10-14 20:34:22.629 [info] > git rev-parse --show-toplevel [1ms]
2024-10-14 20:34:22.629 [info] fatal: not a git repository (or any of the parent directories): .git
2024-10-14 20:34:22.638 [info] > git rev-parse --show-toplevel [1ms]
2024-10-14 20:34:22.638 [info] fatal: not a git repository (or any of the parent directories): .git
2024-10-14 20:34:22.641 [info] [Model][doInitialScan] Initial repository scan completed - repositories (0), closed repositories (0), parent repositories (0), unsafe repositories (0)
2024-10-14 20:34:22.661 [info] > git rev-parse --show-toplevel [8ms]
2024-10-14 20:34:22.661 [info] fatal: not a git repository (or any of the parent directories): .git
2024-10-14 20:34:22.795 [info] > git rev-parse --show-toplevel [0ms]
2024-10-14 20:34:22.795 [info] fatal: not a git repository (or any of the parent directories): .git
2024-10-14 20:34:23.283 [info] > git rev-parse --show-toplevel [1ms]
2024-10-14 20:34:23.283 [info] fatal: not a git repository (or any of the parent directories): .git
2024-10-14 20:34:23.345 [info] > git rev-parse --show-toplevel [2ms]
2024-10-14 20:34:23.345 [info] fatal: not a git repository (or any of the parent directories): .git
2024-10-14 20:34:23.796 [info] > git rev-parse --show-toplevel [8ms]
2024-10-14 20:34:23.796 [info] fatal: not a git repository (or any of the parent directories): .git
2024-10-14 20:34:27.225 [info] [main] Log level: Info
2024-10-14 20:34:27.225 [info] [main] Validating found git in: "git"
2024-10-14 20:34:27.225 [info] [main] Using git "2.47.0" from "git"
2024-10-14 20:34:27.225 [info] [Model][doInitialScan] Initial repository scan started
2024-10-14 20:34:27.225 [info] > git rev-parse --show-toplevel [27ms]
2024-10-14 20:34:27.225 [info] fatal: not a git repository (or any of the parent directories): .git
2024-10-14 20:34:27.265 [info] > git rev-parse --show-toplevel [14ms]
2024-10-14 20:34:27.265 [info] fatal: not a git repository (or any of the parent directories): .git
2024-10-14 20:34:27.305 [info] > git rev-parse --show-toplevel [14ms]
2024-10-14 20:34:27.305 [info] fatal: not a git repository (or any of the parent directories): .git
2024-10-14 20:34:27.335 [info] > git rev-parse --show-toplevel [13ms]
2024-10-14 20:34:27.335 [info] fatal: not a git repository (or any of the parent directories): .git
2024-10-14 20:34:27.355 [info] > git rev-parse --show-toplevel [0ms]
2024-10-14 20:34:27.355 [info] fatal: not a git repository (or any of the parent directories): .git
2024-10-14 20:34:27.392 [info] > git rev-parse --show-toplevel [21ms]
2024-10-14 20:34:27.392 [info] fatal: not a git repository (or any of the parent directories): .git
2024-10-14 20:34:27.409 [info] > git rev-parse --show-toplevel [0ms]
2024-10-14 20:34:27.409 [info] fatal: not a git repository (or any of the parent directories): .git
2024-10-14 20:34:27.422 [info] > git rev-parse --show-toplevel [1ms]
2024-10-14 20:34:27.422 [info] fatal: not a git repository (or any of the parent directories): .git
2024-10-14 20:34:27.445 [info] > git rev-parse --show-toplevel [4ms]
2024-10-14 20:34:27.445 [info] fatal: not a git repository (or any of the parent directories): .git
2024-10-14 20:34:27.468 [info] > git rev-parse --show-toplevel [5ms]
2024-10-14 20:34:27.468 [info] fatal: not a git repository (or any of the parent directories): .git
2024-10-14 20:34:27.485 [info] > git rev-parse --show-toplevel [0ms]
2024-10-14 20:34:27.485 [info] fatal: not a git repository (or any of the parent directories): .git
2024-10-14 20:34:27.505 [info] > git rev-parse --show-toplevel [7ms]
2024-10-14 20:34:27.505 [info] fatal: not a git repository (or any of the parent directories): .git
2024-10-14 20:34:27.518 [info] > git rev-parse --show-toplevel [0ms]
2024-10-14 20:34:27.518 [info] fatal: not a git repository (or any of the parent directories): .git
2024-10-14 20:34:27.542 [info] > git rev-parse --show-toplevel [3ms]
2024-10-14 20:34:27.542 [info] fatal: not a git repository (or any of the parent directories): .git
2024-10-14 20:34:27.568 [info] > git rev-parse --show-toplevel [3ms]
2024-10-14 20:34:27.568 [info] fatal: not a git repository (or any of the parent directories): .git
2024-10-14 20:34:27.588 [info] > git rev-parse --show-toplevel [7ms]
2024-10-14 20:34:27.588 [info] fatal: not a git repository (or any of the parent directories): .git
2024-10-14 20:34:27.602 [info] > git rev-parse --show-toplevel [0ms]
2024-10-14 20:34:27.602 [info] fatal: not a git repository (or any of the parent directories): .git
2024-10-14 20:34:27.619 [info] > git rev-parse --show-toplevel [1ms]
2024-10-14 20:34:27.619 [info] fatal: not a git repository (or any of the parent directories): .git
2024-10-14 20:34:27.645 [info] > git rev-parse --show-toplevel [0ms]
2024-10-14 20:34:27.645 [info] fatal: not a git repository (or any of the parent directories): .git
2024-10-14 20:34:27.671 [info] > git rev-parse --show-toplevel [6ms]
2024-10-14 20:34:27.671 [info] fatal: not a git repository (or any of the parent directories): .git
2024-10-14 20:34:27.698 [info] > git rev-parse --show-toplevel [3ms]
2024-10-14 20:34:27.698 [info] fatal: not a git repository (or any of the parent directories): .git
2024-10-14 20:34:27.735 [info] > git rev-parse --show-toplevel [13ms]
2024-10-14 20:34:27.735 [info] fatal: not a git repository (or any of the parent directories): .git
2024-10-14 20:34:27.752 [info] > git rev-parse --show-toplevel [1ms]
2024-10-14 20:34:27.752 [info] fatal: not a git repository (or any of the parent directories): .git
2024-10-14 20:34:27.766 [info] > git rev-parse --show-toplevel [0ms]
2024-10-14 20:34:27.766 [info] fatal: not a git repository (or any of the parent directories): .git
2024-10-14 20:34:27.772 [info] > git rev-parse --show-toplevel [1ms]
2024-10-14 20:34:27.772 [info] fatal: not a git repository (or any of the parent directories): .git
2024-10-14 20:34:27.781 [info] > git rev-parse --show-toplevel [4ms]
2024-10-14 20:34:27.781 [info] fatal: not a git repository (or any of the parent directories): .git
2024-10-14 20:34:27.791 [info] > git rev-parse --show-toplevel [0ms]
2024-10-14 20:34:27.791 [info] fatal: not a git repository (or any of the parent directories): .git
2024-10-14 20:34:27.805 [info] > git rev-parse --show-toplevel [4ms]
2024-10-14 20:34:27.805 [info] fatal: not a git repository (or any of the parent directories): .git
2024-10-14 20:34:27.811 [info] > git rev-parse --show-toplevel [1ms]
2024-10-14 20:34:27.811 [info] fatal: not a git repository (or any of the parent directories): .git
2024-10-14 20:34:27.817 [info] > git rev-parse --show-toplevel [1ms]
2024-10-14 20:34:27.817 [info] fatal: not a git repository (or any of the parent directories): .git
2024-10-14 20:34:27.823 [info] > git rev-parse --show-toplevel [0ms]
2024-10-14 20:34:27.823 [info] fatal: not a git repository (or any of the parent directories): .git
2024-10-14 20:34:27.826 [info] [Model][doInitialScan] Initial repository scan completed - repositories (0), closed repositories (0), parent repositories (0), unsafe repositories (0)
