2024-10-13 10:18:14.649 [info] [main] Log level: Info
2024-10-13 10:18:14.649 [info] [main] Validating found git in: "git"
2024-10-13 10:18:14.649 [info] [main] Using git "2.47.0" from "git"
2024-10-13 10:18:14.649 [info] [Model][doInitialScan] Initial repository scan started
2024-10-13 10:18:14.649 [info] > git rev-parse --show-toplevel [19ms]
2024-10-13 10:18:14.649 [info] fatal: not a git repository (or any of the parent directories): .git
2024-10-13 10:18:14.649 [info] > git rev-parse --show-toplevel [26ms]
2024-10-13 10:18:14.649 [info] fatal: not a git repository (or any of the parent directories): .git
2024-10-13 10:18:14.650 [info] > git rev-parse --show-toplevel [1ms]
2024-10-13 10:18:14.650 [info] fatal: not a git repository (or any of the parent directories): .git
2024-10-13 10:18:14.657 [info] > git rev-parse --show-toplevel [1ms]
2024-10-13 10:18:14.657 [info] fatal: not a git repository (or any of the parent directories): .git
2024-10-13 10:18:14.663 [info] > git rev-parse --show-toplevel [1ms]
2024-10-13 10:18:14.663 [info] fatal: not a git repository (or any of the parent directories): .git
2024-10-13 10:18:14.668 [info] > git rev-parse --show-toplevel [1ms]
2024-10-13 10:18:14.668 [info] fatal: not a git repository (or any of the parent directories): .git
2024-10-13 10:18:14.673 [info] > git rev-parse --show-toplevel [1ms]
2024-10-13 10:18:14.673 [info] fatal: not a git repository (or any of the parent directories): .git
2024-10-13 10:18:14.678 [info] > git rev-parse --show-toplevel [1ms]
2024-10-13 10:18:14.678 [info] fatal: not a git repository (or any of the parent directories): .git
2024-10-13 10:18:14.682 [info] > git rev-parse --show-toplevel [0ms]
2024-10-13 10:18:14.682 [info] fatal: not a git repository (or any of the parent directories): .git
2024-10-13 10:18:14.688 [info] > git rev-parse --show-toplevel [2ms]
2024-10-13 10:18:14.688 [info] fatal: not a git repository (or any of the parent directories): .git
2024-10-13 10:18:14.693 [info] > git rev-parse --show-toplevel [1ms]
2024-10-13 10:18:14.693 [info] fatal: not a git repository (or any of the parent directories): .git
2024-10-13 10:18:14.698 [info] > git rev-parse --show-toplevel [1ms]
2024-10-13 10:18:14.698 [info] fatal: not a git repository (or any of the parent directories): .git
2024-10-13 10:18:14.703 [info] > git rev-parse --show-toplevel [1ms]
2024-10-13 10:18:14.703 [info] fatal: not a git repository (or any of the parent directories): .git
2024-10-13 10:18:14.707 [info] > git rev-parse --show-toplevel [1ms]
2024-10-13 10:18:14.707 [info] fatal: not a git repository (or any of the parent directories): .git
2024-10-13 10:18:14.712 [info] > git rev-parse --show-toplevel [1ms]
2024-10-13 10:18:14.712 [info] fatal: not a git repository (or any of the parent directories): .git
2024-10-13 10:18:14.719 [info] > git rev-parse --show-toplevel [2ms]
2024-10-13 10:18:14.719 [info] fatal: not a git repository (or any of the parent directories): .git
2024-10-13 10:18:14.726 [info] > git rev-parse --show-toplevel [1ms]
2024-10-13 10:18:14.726 [info] fatal: not a git repository (or any of the parent directories): .git
2024-10-13 10:18:14.731 [info] > git rev-parse --show-toplevel [0ms]
2024-10-13 10:18:14.731 [info] fatal: not a git repository (or any of the parent directories): .git
2024-10-13 10:18:14.735 [info] > git rev-parse --show-toplevel [1ms]
2024-10-13 10:18:14.735 [info] fatal: not a git repository (or any of the parent directories): .git
2024-10-13 10:18:14.740 [info] > git rev-parse --show-toplevel [1ms]
2024-10-13 10:18:14.740 [info] fatal: not a git repository (or any of the parent directories): .git
2024-10-13 10:18:14.752 [info] > git rev-parse --show-toplevel [4ms]
2024-10-13 10:18:14.752 [info] fatal: not a git repository (or any of the parent directories): .git
2024-10-13 10:18:14.760 [info] > git rev-parse --show-toplevel [0ms]
2024-10-13 10:18:14.760 [info] fatal: not a git repository (or any of the parent directories): .git
2024-10-13 10:18:14.770 [info] > git rev-parse --show-toplevel [3ms]
2024-10-13 10:18:14.770 [info] fatal: not a git repository (or any of the parent directories): .git
2024-10-13 10:18:14.777 [info] > git rev-parse --show-toplevel [1ms]
2024-10-13 10:18:14.777 [info] fatal: not a git repository (or any of the parent directories): .git
2024-10-13 10:18:14.787 [info] > git rev-parse --show-toplevel [1ms]
2024-10-13 10:18:14.787 [info] fatal: not a git repository (or any of the parent directories): .git
2024-10-13 10:18:14.794 [info] > git rev-parse --show-toplevel [1ms]
2024-10-13 10:18:14.794 [info] fatal: not a git repository (or any of the parent directories): .git
2024-10-13 10:18:14.796 [info] [Model][doInitialScan] Initial repository scan completed - repositories (0), closed repositories (0), parent repositories (0), unsafe repositories (0)
2024-10-13 10:18:14.951 [info] > git rev-parse --show-toplevel [8ms]
2024-10-13 10:18:14.951 [info] fatal: not a git repository (or any of the parent directories): .git
2024-10-13 10:18:15.051 [info] > git rev-parse --show-toplevel [2ms]
2024-10-13 10:18:15.051 [info] fatal: not a git repository (or any of the parent directories): .git
2024-10-13 10:18:15.114 [info] > git rev-parse --show-toplevel [3ms]
2024-10-13 10:18:15.114 [info] fatal: not a git repository (or any of the parent directories): .git
2024-10-13 10:18:16.257 [info] > git rev-parse --show-toplevel [1ms]
2024-10-13 10:18:16.257 [info] fatal: not a git repository (or any of the parent directories): .git
2024-10-13 10:18:19.929 [info] > git rev-parse --show-toplevel [1ms]
2024-10-13 10:18:19.929 [info] fatal: not a git repository (or any of the parent directories): .git
2024-10-13 10:18:24.501 [info] > git rev-parse --show-toplevel [2ms]
2024-10-13 10:18:24.501 [info] fatal: not a git repository (or any of the parent directories): .git
2024-10-13 10:18:36.127 [info] > git rev-parse --show-toplevel [2ms]
2024-10-13 10:18:36.127 [info] fatal: not a git repository (or any of the parent directories): .git
2024-10-13 10:45:38.919 [info] > git rev-parse --show-toplevel [2ms]
2024-10-13 10:45:38.927 [info] > git rev-parse --git-dir --git-common-dir [1ms]
2024-10-13 10:45:38.936 [info] [Model][openRepository] Opened repository: /home/martin/.cache/yay/batify
2024-10-13 10:45:38.952 [info] > git rev-parse --show-toplevel [6ms]
2024-10-13 10:45:38.959 [info] > git for-each-ref --format=%(refname)%00%(upstream:short)%00%(objectname)%00%(upstream:track)%00%(upstream:remotename)%00%(upstream:remoteref) refs/heads/master refs/remotes/master [7ms]
2024-10-13 10:45:38.959 [info] > git config --get commit.template [17ms]
2024-10-13 10:45:38.965 [warning] [Git][revParse] Unable to read file: ENOENT: no such file or directory, open '/home/martin/.cache/yay/batify/.git/refs/remotes/origin/master'
2024-10-13 10:45:38.965 [info] > git rev-parse --git-dir --git-common-dir [7ms]
2024-10-13 10:45:38.967 [info] [Model][openRepository] Opened repository: /home/martin/.cache/yay/xpub
2024-10-13 10:45:38.973 [info] > git rev-parse refs/remotes/origin/master [9ms]
2024-10-13 10:45:38.983 [info] > git status -z -uall [6ms]
2024-10-13 10:45:38.983 [info] > git config --get commit.template [11ms]
2024-10-13 10:45:38.984 [info] > git for-each-ref --sort -committerdate --format %(refname) %(objectname) %(*objectname) [2ms]
2024-10-13 10:45:39.000 [info] > git for-each-ref --format=%(refname)%00%(upstream:short)%00%(objectname)%00%(upstream:track)%00%(upstream:remotename)%00%(upstream:remoteref) refs/heads/master refs/remotes/master [10ms]
2024-10-13 10:45:39.005 [info] > git config --local branch.master.vscode-merge-base [1ms]
2024-10-13 10:45:39.005 [warning] [Git][config] git config failed: Failed to execute git
2024-10-13 10:45:39.009 [info] > git config --get commit.template [9ms]
2024-10-13 10:45:39.009 [info] > git for-each-ref --format=%(refname)%00%(upstream:short)%00%(objectname)%00%(upstream:track)%00%(upstream:remotename)%00%(upstream:remoteref) refs/heads/master refs/remotes/master [13ms]
2024-10-13 10:45:39.013 [warning] [Git][revParse] Unable to read file: ENOENT: no such file or directory, open '/home/martin/.cache/yay/xpub/.git/refs/remotes/origin/master'
2024-10-13 10:45:39.019 [info] > git rev-parse refs/remotes/origin/master [5ms]
2024-10-13 10:45:39.027 [info] > git reflog master --grep-reflog=branch: Created from *. [19ms]
2024-10-13 10:45:39.032 [info] > git status -z -uall [9ms]
2024-10-13 10:45:39.033 [info] > git for-each-ref --sort -committerdate --format %(refname) %(objectname) %(*objectname) [6ms]
2024-10-13 10:45:39.042 [info] > git for-each-ref --format=%(refname)%00%(upstream:short)%00%(objectname)%00%(upstream:track)%00%(upstream:remotename)%00%(upstream:remoteref) refs/heads/master refs/remotes/master [24ms]
2024-10-13 10:45:39.049 [warning] [Git][revParse] Unable to read file: ENOENT: no such file or directory, open '/home/martin/.cache/yay/batify/.git/refs/remotes/origin/master'
2024-10-13 10:45:39.050 [info] > git for-each-ref --format=%(refname)%00%(upstream:short)%00%(objectname)%00%(upstream:track)%00%(upstream:remotename)%00%(upstream:remoteref) refs/heads/master refs/remotes/master [10ms]
2024-10-13 10:45:39.054 [info] > git symbolic-ref --short refs/remotes/origin/HEAD [23ms]
2024-10-13 10:45:39.059 [info] > git for-each-ref --format=%(refname)%00%(upstream:short)%00%(objectname)%00%(upstream:track)%00%(upstream:remotename)%00%(upstream:remoteref) refs/heads/origin/master refs/remotes/origin/master [2ms]
2024-10-13 10:45:39.064 [info] > git config --local branch.master.vscode-merge-base [10ms]
2024-10-13 10:45:39.064 [warning] [Git][config] git config failed: Failed to execute git
2024-10-13 10:45:39.069 [info] > git rev-parse refs/remotes/origin/master [19ms]
2024-10-13 10:45:39.076 [info] > git config --get commit.template [30ms]
2024-10-13 10:45:39.078 [info] > git status -z -uall [6ms]
2024-10-13 10:45:39.078 [info] > git reflog master --grep-reflog=branch: Created from *. [10ms]
2024-10-13 10:45:39.082 [info] > git config --local branch.master.vscode-merge-base origin/master [18ms]
2024-10-13 10:45:39.082 [info] > git for-each-ref --sort -committerdate --format %(refname) %(objectname) %(*objectname) [6ms] (cancelled)
2024-10-13 10:45:39.096 [info] > git symbolic-ref --short refs/remotes/origin/HEAD [15ms]
2024-10-13 10:45:39.101 [info] > git config --get commit.template [6ms]
2024-10-13 10:45:39.101 [info] > git for-each-ref --format=%(refname)%00%(upstream:short)%00%(objectname)%00%(upstream:track)%00%(upstream:remotename)%00%(upstream:remoteref) refs/heads/master refs/remotes/master [10ms]
2024-10-13 10:45:39.102 [info] > git for-each-ref --format=%(refname)%00%(upstream:short)%00%(objectname)%00%(upstream:track)%00%(upstream:remotename)%00%(upstream:remoteref) refs/heads/master refs/remotes/master [15ms]
2024-10-13 10:45:39.111 [warning] [Git][revParse] Unable to read file: ENOENT: no such file or directory, open '/home/martin/.cache/yay/xpub/.git/refs/remotes/origin/master'
2024-10-13 10:45:39.111 [info] > git for-each-ref --format=%(refname)%00%(upstream:short)%00%(objectname)%00%(upstream:track)%00%(upstream:remotename)%00%(upstream:remoteref) refs/heads/origin/master refs/remotes/origin/master [11ms]
2024-10-13 10:45:39.120 [info] > git rev-parse refs/remotes/origin/master [10ms]
2024-10-13 10:45:39.128 [info] > git config --local branch.master.vscode-merge-base [22ms]
2024-10-13 10:45:39.134 [info] > git status -z -uall [10ms]
2024-10-13 10:45:39.134 [info] > git for-each-ref --sort -committerdate --format %(refname) %(objectname) %(*objectname) [6ms]
2024-10-13 10:45:39.140 [info] > git for-each-ref --format=%(refname)%00%(upstream:short)%00%(objectname)%00%(upstream:track)%00%(upstream:remotename)%00%(upstream:remoteref) refs/heads/master refs/remotes/master [20ms]
2024-10-13 10:45:39.140 [info] > git config --local branch.master.vscode-merge-base origin/master [25ms]
2024-10-13 10:45:39.145 [warning] [Git][revParse] Unable to read file: ENOENT: no such file or directory, open '/home/martin/.cache/yay/batify/.git/refs/remotes/origin/master'
2024-10-13 10:45:39.150 [info] > git for-each-ref --format=%(refname)%00%(upstream:short)%00%(objectname)%00%(upstream:track)%00%(upstream:remotename)%00%(upstream:remoteref) refs/heads/master refs/remotes/master [9ms]
2024-10-13 10:45:39.154 [info] > git for-each-ref --format=%(refname)%00%(upstream:short)%00%(objectname)%00%(upstream:track)%00%(upstream:remotename)%00%(upstream:remoteref) refs/heads/origin/master refs/remotes/origin/master [21ms]
2024-10-13 10:45:39.160 [info] > git config --local branch.master.vscode-merge-base [6ms]
2024-10-13 10:45:39.165 [info] > git config --get commit.template [16ms]
2024-10-13 10:45:39.165 [info] > git rev-parse refs/remotes/origin/master [20ms]
2024-10-13 10:45:39.173 [info] > git status -z -uall [5ms]
2024-10-13 10:45:39.173 [info] > git for-each-ref --format=%(refname)%00%(upstream:short)%00%(objectname)%00%(upstream:track)%00%(upstream:remotename)%00%(upstream:remoteref) refs/heads/origin/master refs/remotes/origin/master [8ms]
2024-10-13 10:45:39.177 [info] > git merge-base refs/heads/master refs/remotes/origin/master [18ms]
2024-10-13 10:45:39.187 [info] > git merge-base refs/heads/master refs/remotes/origin/master [10ms]
2024-10-13 10:45:39.191 [info] > git for-each-ref --sort -committerdate --format %(refname) %(objectname) %(*objectname) [19ms]
2024-10-13 10:45:39.206 [info] > git merge-base refs/heads/master refs/remotes/origin/master [2ms]
2024-10-13 10:45:39.211 [info] > git merge-base refs/heads/master refs/remotes/origin/master [13ms]
2024-10-13 10:45:39.216 [info] > git diff --name-status -z --diff-filter=ADMR 3ad85de6a92f60655d594638398f201b0344b920...refs/remotes/origin/master [25ms]
2024-10-13 10:45:39.216 [info] > git for-each-ref --format=%(refname)%00%(upstream:short)%00%(objectname)%00%(upstream:track)%00%(upstream:remotename)%00%(upstream:remoteref) refs/heads/master refs/remotes/master [30ms]
2024-10-13 10:45:39.216 [info] > git diff --name-status -z --diff-filter=ADMR 87645c1e001b11c68ebe5e1d2c7a03cb2f91dbe6...refs/remotes/origin/master [34ms]
2024-10-13 10:45:39.220 [warning] [Git][revParse] Unable to read file: ENOENT: no such file or directory, open '/home/martin/.cache/yay/xpub/.git/refs/remotes/origin/master'
2024-10-13 10:45:39.220 [info] > git diff --name-status -z --diff-filter=ADMR 87645c1e001b11c68ebe5e1d2c7a03cb2f91dbe6...refs/remotes/origin/master [9ms]
2024-10-13 10:45:39.221 [info] > git rev-parse refs/remotes/origin/master [1ms]
2024-10-13 10:45:39.228 [info] > git diff --name-status -z --diff-filter=ADMR 87645c1e001b11c68ebe5e1d2c7a03cb2f91dbe6...refs/remotes/origin/master [12ms]
2024-10-13 10:45:39.229 [info] > git status -z -uall [4ms]
2024-10-13 10:45:39.229 [info] > git for-each-ref --sort -committerdate --format %(refname) %(objectname) %(*objectname) [1ms]
2024-10-13 10:47:04.143 [info] > git config --get commit.template [2ms]
2024-10-13 10:47:04.143 [info] > git config --get commit.template [7ms]
2024-10-13 10:47:04.157 [info] > git for-each-ref --format=%(refname)%00%(upstream:short)%00%(objectname)%00%(upstream:track)%00%(upstream:remotename)%00%(upstream:remoteref) refs/heads/master refs/remotes/master [4ms]
2024-10-13 10:47:04.162 [warning] [Git][revParse] Unable to read file: ENOENT: no such file or directory, open '/home/martin/.cache/yay/batify/.git/refs/remotes/origin/master'
2024-10-13 10:47:04.162 [info] > git for-each-ref --format=%(refname)%00%(upstream:short)%00%(objectname)%00%(upstream:track)%00%(upstream:remotename)%00%(upstream:remoteref) refs/heads/master refs/remotes/master [5ms]
2024-10-13 10:47:04.166 [warning] [Git][revParse] Unable to read file: ENOENT: no such file or directory, open '/home/martin/.cache/yay/xpub/.git/refs/remotes/origin/master'
2024-10-13 10:47:04.167 [info] > git rev-parse refs/remotes/origin/master [5ms]
2024-10-13 10:47:04.177 [info] > git status -z -uall [6ms]
2024-10-13 10:47:04.177 [info] > git rev-parse refs/remotes/origin/master [11ms]
2024-10-13 10:47:04.187 [info] > git status -z -uall [5ms]
2024-10-13 10:47:04.188 [info] > git for-each-ref --sort -committerdate --format %(refname) %(objectname) %(*objectname) [12ms]
2024-10-13 10:47:04.191 [info] > git for-each-ref --sort -committerdate --format %(refname) %(objectname) %(*objectname) [4ms]
2024-10-13 10:51:04.504 [info] > git config --get commit.template [9ms]
2024-10-13 10:51:04.504 [info] > git config --get commit.template [1ms]
2024-10-13 10:51:04.516 [info] > git for-each-ref --format=%(refname)%00%(upstream:short)%00%(objectname)%00%(upstream:track)%00%(upstream:remotename)%00%(upstream:remoteref) refs/heads/master refs/remotes/master [6ms]
2024-10-13 10:51:04.521 [warning] [Git][revParse] Unable to read file: ENOENT: no such file or directory, open '/home/martin/.cache/yay/batify/.git/refs/remotes/origin/master'
2024-10-13 10:51:04.522 [info] > git rev-parse refs/remotes/origin/master [1ms]
2024-10-13 10:51:04.532 [info] > git for-each-ref --format=%(refname)%00%(upstream:short)%00%(objectname)%00%(upstream:track)%00%(upstream:remotename)%00%(upstream:remoteref) refs/heads/master refs/remotes/master [16ms]
2024-10-13 10:51:04.537 [warning] [Git][revParse] Unable to read file: ENOENT: no such file or directory, open '/home/martin/.cache/yay/xpub/.git/refs/remotes/origin/master'
2024-10-13 10:51:04.538 [info] > git status -z -uall [11ms]
2024-10-13 10:51:04.539 [info] > git rev-parse refs/remotes/origin/master [2ms]
2024-10-13 10:51:04.548 [info] > git for-each-ref --sort -committerdate --format %(refname) %(objectname) %(*objectname) [16ms]
2024-10-13 10:51:04.550 [info] > git status -z -uall [7ms]
2024-10-13 10:51:04.550 [info] > git for-each-ref --sort -committerdate --format %(refname) %(objectname) %(*objectname) [2ms]
2024-10-13 12:26:56.792 [info] > git rev-parse --show-toplevel [2ms]
2024-10-13 12:26:56.792 [info] fatal: not a git repository (or any of the parent directories): .git
2024-10-13 13:03:41.138 [info] > git rev-parse --show-toplevel [3ms]
2024-10-13 13:03:41.138 [info] fatal: not a git repository (or any of the parent directories): .git
2024-10-13 13:23:05.647 [info] > git rev-parse --show-toplevel [3ms]
2024-10-13 13:23:05.648 [info] fatal: not a git repository (or any of the parent directories): .git
2024-10-13 13:23:13.968 [info] > git rev-parse --show-toplevel [2ms]
2024-10-13 13:23:13.968 [info] fatal: not a git repository (or any of the parent directories): .git
2024-10-13 13:23:17.636 [info] > git rev-parse --show-toplevel [4ms]
2024-10-13 13:23:17.636 [info] fatal: not a git repository (or any of the parent directories): .git
2024-10-13 13:24:32.927 [info] > git rev-parse --show-toplevel [2ms]
2024-10-13 13:24:32.927 [info] fatal: not a git repository (or any of the parent directories): .git
2024-10-13 13:36:24.428 [info] > git rev-parse --show-toplevel [6ms]
2024-10-13 13:36:24.429 [info] fatal: not a git repository (or any of the parent directories): .git
2024-10-13 13:39:44.851 [info] > git rev-parse --show-toplevel [3ms]
2024-10-13 13:39:44.851 [info] fatal: not a git repository (or any of the parent directories): .git
2024-10-13 13:40:11.427 [info] > git rev-parse --show-toplevel [5ms]
2024-10-13 13:40:11.428 [info] fatal: not a git repository (or any of the parent directories): .git
