2024-10-14 18:51:38.489 [info] [main] Log level: Info
2024-10-14 18:51:38.489 [info] [main] Validating found git in: "git"
2024-10-14 18:51:38.489 [info] [main] Using git "2.47.0" from "git"
2024-10-14 18:51:38.489 [info] [Model][doInitialScan] Initial repository scan started
2024-10-14 18:51:38.489 [info] > git rev-parse --show-toplevel [11ms]
2024-10-14 18:51:38.489 [info] fatal: not a git repository (or any of the parent directories): .git
2024-10-14 18:51:38.489 [info] > git rev-parse --show-toplevel [9ms]
2024-10-14 18:51:38.489 [info] fatal: not a git repository (or any of the parent directories): .git
2024-10-14 18:51:38.550 [info] > git rev-parse --show-toplevel [16ms]
2024-10-14 18:51:38.550 [info] fatal: not a git repository (or any of the parent directories): .git
2024-10-14 18:51:38.558 [info] > git rev-parse --show-toplevel [1ms]
2024-10-14 18:51:38.558 [info] fatal: not a git repository (or any of the parent directories): .git
2024-10-14 18:51:38.574 [info] > git rev-parse --show-toplevel [7ms]
2024-10-14 18:51:38.574 [info] fatal: not a git repository (or any of the parent directories): .git
2024-10-14 18:51:38.590 [info] > git rev-parse --show-toplevel [7ms]
2024-10-14 18:51:38.590 [info] fatal: not a git repository (or any of the parent directories): .git
2024-10-14 18:51:38.603 [info] > git rev-parse --show-toplevel [2ms]
2024-10-14 18:51:38.603 [info] fatal: not a git repository (or any of the parent directories): .git
2024-10-14 18:51:38.628 [info] > git rev-parse --show-toplevel [0ms]
2024-10-14 18:51:38.628 [info] fatal: not a git repository (or any of the parent directories): .git
2024-10-14 18:51:38.636 [info] > git rev-parse --show-toplevel [1ms]
2024-10-14 18:51:38.636 [info] fatal: not a git repository (or any of the parent directories): .git
2024-10-14 18:51:38.650 [info] > git rev-parse --show-toplevel [2ms]
2024-10-14 18:51:38.650 [info] fatal: not a git repository (or any of the parent directories): .git
2024-10-14 18:51:38.667 [info] > git rev-parse --show-toplevel [9ms]
2024-10-14 18:51:38.667 [info] fatal: not a git repository (or any of the parent directories): .git
2024-10-14 18:51:38.680 [info] > git rev-parse --show-toplevel [2ms]
2024-10-14 18:51:38.680 [info] fatal: not a git repository (or any of the parent directories): .git
2024-10-14 18:51:38.689 [info] > git rev-parse --show-toplevel [1ms]
2024-10-14 18:51:38.689 [info] fatal: not a git repository (or any of the parent directories): .git
2024-10-14 18:51:38.704 [info] > git rev-parse --show-toplevel [4ms]
2024-10-14 18:51:38.704 [info] fatal: not a git repository (or any of the parent directories): .git
2024-10-14 18:51:38.712 [info] > git rev-parse --show-toplevel [1ms]
2024-10-14 18:51:38.712 [info] fatal: not a git repository (or any of the parent directories): .git
2024-10-14 18:51:38.721 [info] > git rev-parse --show-toplevel [1ms]
2024-10-14 18:51:38.721 [info] fatal: not a git repository (or any of the parent directories): .git
2024-10-14 18:51:38.731 [info] > git rev-parse --show-toplevel [0ms]
2024-10-14 18:51:38.731 [info] fatal: not a git repository (or any of the parent directories): .git
2024-10-14 18:51:38.740 [info] > git rev-parse --show-toplevel [0ms]
2024-10-14 18:51:38.740 [info] fatal: not a git repository (or any of the parent directories): .git
2024-10-14 18:51:38.754 [info] > git rev-parse --show-toplevel [1ms]
2024-10-14 18:51:38.754 [info] fatal: not a git repository (or any of the parent directories): .git
2024-10-14 18:51:38.764 [info] > git rev-parse --show-toplevel [7ms]
2024-10-14 18:51:38.764 [info] fatal: not a git repository (or any of the parent directories): .git
2024-10-14 18:51:38.773 [info] > git rev-parse --show-toplevel [2ms]
2024-10-14 18:51:38.773 [info] fatal: not a git repository (or any of the parent directories): .git
2024-10-14 18:51:38.784 [info] > git rev-parse --show-toplevel [1ms]
2024-10-14 18:51:38.784 [info] fatal: not a git repository (or any of the parent directories): .git
2024-10-14 18:51:38.798 [info] > git rev-parse --show-toplevel [1ms]
2024-10-14 18:51:38.798 [info] fatal: not a git repository (or any of the parent directories): .git
2024-10-14 18:51:38.808 [info] > git rev-parse --show-toplevel [7ms]
2024-10-14 18:51:38.808 [info] fatal: not a git repository (or any of the parent directories): .git
2024-10-14 18:51:38.818 [info] > git rev-parse --show-toplevel [7ms]
2024-10-14 18:51:38.818 [info] fatal: not a git repository (or any of the parent directories): .git
2024-10-14 18:51:38.824 [info] > git rev-parse --show-toplevel [3ms]
2024-10-14 18:51:38.824 [info] fatal: not a git repository (or any of the parent directories): .git
2024-10-14 18:51:38.834 [info] > git rev-parse --show-toplevel [1ms]
2024-10-14 18:51:38.834 [info] fatal: not a git repository (or any of the parent directories): .git
2024-10-14 18:51:38.844 [info] > git rev-parse --show-toplevel [7ms]
2024-10-14 18:51:38.844 [info] fatal: not a git repository (or any of the parent directories): .git
2024-10-14 18:51:38.854 [info] > git rev-parse --show-toplevel [6ms]
2024-10-14 18:51:38.854 [info] fatal: not a git repository (or any of the parent directories): .git
2024-10-14 18:51:38.862 [info] > git rev-parse --show-toplevel [0ms]
2024-10-14 18:51:38.862 [info] fatal: not a git repository (or any of the parent directories): .git
2024-10-14 18:51:38.873 [info] > git rev-parse --show-toplevel [1ms]
2024-10-14 18:51:38.873 [info] fatal: not a git repository (or any of the parent directories): .git
2024-10-14 18:51:38.887 [info] > git rev-parse --show-toplevel [4ms]
2024-10-14 18:51:38.887 [info] fatal: not a git repository (or any of the parent directories): .git
2024-10-14 18:51:38.889 [info] [Model][doInitialScan] Initial repository scan completed - repositories (0), closed repositories (0), parent repositories (0), unsafe repositories (0)
2024-10-14 18:51:39.855 [info] > git rev-parse --show-toplevel [25ms]
2024-10-14 18:51:39.855 [info] fatal: not a git repository (or any of the parent directories): .git
2024-10-14 18:53:13.289 [info] > git rev-parse --show-toplevel [1ms]
2024-10-14 18:53:13.290 [info] fatal: not a git repository (or any of the parent directories): .git
2024-10-14 19:12:20.695 [info] [main] Log level: Info
2024-10-14 19:12:20.695 [info] [main] Validating found git in: "git"
2024-10-14 19:12:20.695 [info] [main] Using git "2.47.0" from "git"
2024-10-14 19:12:20.695 [info] [Model][doInitialScan] Initial repository scan started
2024-10-14 19:12:20.695 [info] > git rev-parse --show-toplevel [14ms]
2024-10-14 19:12:20.695 [info] fatal: not a git repository (or any of the parent directories): .git
2024-10-14 19:12:20.738 [info] > git rev-parse --show-toplevel [25ms]
2024-10-14 19:12:20.738 [info] fatal: not a git repository (or any of the parent directories): .git
2024-10-14 19:12:20.794 [info] > git rev-parse --show-toplevel [10ms]
2024-10-14 19:12:20.794 [info] fatal: not a git repository (or any of the parent directories): .git
2024-10-14 19:12:20.814 [info] > git rev-parse --show-toplevel [12ms]
2024-10-14 19:12:20.814 [info] fatal: not a git repository (or any of the parent directories): .git
2024-10-14 19:12:20.828 [info] > git rev-parse --show-toplevel [1ms]
2024-10-14 19:12:20.828 [info] fatal: not a git repository (or any of the parent directories): .git
2024-10-14 19:12:20.844 [info] > git rev-parse --show-toplevel [4ms]
2024-10-14 19:12:20.844 [info] fatal: not a git repository (or any of the parent directories): .git
2024-10-14 19:12:20.870 [info] > git rev-parse --show-toplevel [15ms]
2024-10-14 19:12:20.870 [info] fatal: not a git repository (or any of the parent directories): .git
2024-10-14 19:12:20.889 [info] > git rev-parse --show-toplevel [1ms]
2024-10-14 19:12:20.889 [info] fatal: not a git repository (or any of the parent directories): .git
2024-10-14 19:12:20.900 [info] > git rev-parse --show-toplevel [1ms]
2024-10-14 19:12:20.900 [info] fatal: not a git repository (or any of the parent directories): .git
2024-10-14 19:12:20.913 [info] > git rev-parse --show-toplevel [1ms]
2024-10-14 19:12:20.913 [info] fatal: not a git repository (or any of the parent directories): .git
2024-10-14 19:12:20.927 [info] > git rev-parse --show-toplevel [5ms]
2024-10-14 19:12:20.927 [info] fatal: not a git repository (or any of the parent directories): .git
2024-10-14 19:12:20.938 [info] > git rev-parse --show-toplevel [0ms]
2024-10-14 19:12:20.938 [info] fatal: not a git repository (or any of the parent directories): .git
2024-10-14 19:12:20.954 [info] > git rev-parse --show-toplevel [7ms]
2024-10-14 19:12:20.954 [info] fatal: not a git repository (or any of the parent directories): .git
2024-10-14 19:12:20.976 [info] > git rev-parse --show-toplevel [7ms]
2024-10-14 19:12:20.976 [info] fatal: not a git repository (or any of the parent directories): .git
2024-10-14 19:12:20.990 [info] > git rev-parse --show-toplevel [4ms]
2024-10-14 19:12:20.990 [info] fatal: not a git repository (or any of the parent directories): .git
2024-10-14 19:12:20.998 [info] > git rev-parse --show-toplevel [1ms]
2024-10-14 19:12:20.999 [info] fatal: not a git repository (or any of the parent directories): .git
2024-10-14 19:12:21.009 [info] > git rev-parse --show-toplevel [2ms]
2024-10-14 19:12:21.009 [info] fatal: not a git repository (or any of the parent directories): .git
2024-10-14 19:12:21.017 [info] > git rev-parse --show-toplevel [2ms]
2024-10-14 19:12:21.017 [info] fatal: not a git repository (or any of the parent directories): .git
2024-10-14 19:12:21.031 [info] > git rev-parse --show-toplevel [1ms]
2024-10-14 19:12:21.031 [info] fatal: not a git repository (or any of the parent directories): .git
2024-10-14 19:12:21.044 [info] > git rev-parse --show-toplevel [1ms]
2024-10-14 19:12:21.044 [info] fatal: not a git repository (or any of the parent directories): .git
2024-10-14 19:12:21.057 [info] > git rev-parse --show-toplevel [4ms]
2024-10-14 19:12:21.057 [info] fatal: not a git repository (or any of the parent directories): .git
2024-10-14 19:12:21.078 [info] > git rev-parse --show-toplevel [6ms]
2024-10-14 19:12:21.078 [info] fatal: not a git repository (or any of the parent directories): .git
2024-10-14 19:12:21.088 [info] > git rev-parse --show-toplevel [1ms]
2024-10-14 19:12:21.088 [info] fatal: not a git repository (or any of the parent directories): .git
2024-10-14 19:12:21.104 [info] > git rev-parse --show-toplevel [2ms]
2024-10-14 19:12:21.104 [info] fatal: not a git repository (or any of the parent directories): .git
2024-10-14 19:12:21.121 [info] > git rev-parse --show-toplevel [1ms]
2024-10-14 19:12:21.121 [info] fatal: not a git repository (or any of the parent directories): .git
2024-10-14 19:12:21.137 [info] > git rev-parse --show-toplevel [2ms]
2024-10-14 19:12:21.137 [info] fatal: not a git repository (or any of the parent directories): .git
2024-10-14 19:12:21.157 [info] > git rev-parse --show-toplevel [4ms]
2024-10-14 19:12:21.157 [info] fatal: not a git repository (or any of the parent directories): .git
2024-10-14 19:12:21.171 [info] > git rev-parse --show-toplevel [1ms]
2024-10-14 19:12:21.171 [info] fatal: not a git repository (or any of the parent directories): .git
2024-10-14 19:12:21.227 [info] > git rev-parse --show-toplevel [40ms]
2024-10-14 19:12:21.227 [info] fatal: not a git repository (or any of the parent directories): .git
2024-10-14 19:12:21.268 [info] > git rev-parse --show-toplevel [6ms]
2024-10-14 19:12:21.268 [info] fatal: not a git repository (or any of the parent directories): .git
2024-10-14 19:12:21.285 [info] > git rev-parse --show-toplevel [2ms]
2024-10-14 19:12:21.285 [info] fatal: not a git repository (or any of the parent directories): .git
2024-10-14 19:12:21.340 [info] > git rev-parse --show-toplevel [20ms]
2024-10-14 19:12:21.340 [info] fatal: not a git repository (or any of the parent directories): .git
2024-10-14 19:12:21.343 [info] [Model][doInitialScan] Initial repository scan completed - repositories (0), closed repositories (0), parent repositories (0), unsafe repositories (0)
2024-10-14 20:00:14.207 [info] > git rev-parse --show-toplevel [2ms]
2024-10-14 20:00:14.207 [info] fatal: not a git repository (or any of the parent directories): .git
2024-10-14 20:00:14.697 [info] > git rev-parse --show-toplevel [2ms]
2024-10-14 20:00:14.697 [info] fatal: not a git repository (or any of the parent directories): .git
2024-10-14 20:05:49.822 [info] > git rev-parse --show-toplevel [2ms]
2024-10-14 20:05:49.822 [info] fatal: not a git repository (or any of the parent directories): .git
2024-10-14 20:20:15.603 [info] > git rev-parse --show-toplevel [1ms]
2024-10-14 20:20:15.683 [info] > git rev-parse --git-dir --git-common-dir [1ms]
2024-10-14 20:20:15.688 [info] [Model][openRepository] Opened repository: /home/martin/.cache/yay/pika-backup-git
2024-10-14 20:20:15.771 [info] > git config --get commit.template [4ms]
2024-10-14 20:20:15.852 [info] > git for-each-ref --format=%(refname)%00%(upstream:short)%00%(objectname)%00%(upstream:track)%00%(upstream:remotename)%00%(upstream:remoteref) refs/heads/master refs/remotes/master [2ms]
2024-10-14 20:20:15.926 [warning] [Git][revParse] Unable to read file: ENOENT: no such file or directory, open '/home/martin/.cache/yay/pika-backup-git/.git/refs/remotes/origin/master'
2024-10-14 20:20:15.927 [info] > git rev-parse refs/remotes/origin/master [1ms]
2024-10-14 20:20:16.083 [info] > git status -z -uall [77ms]
2024-10-14 20:20:16.083 [info] > git for-each-ref --sort -committerdate --format %(refname) %(objectname) %(*objectname) [2ms]
2024-10-14 20:20:16.239 [info] > git for-each-ref --format=%(refname)%00%(upstream:short)%00%(objectname)%00%(upstream:track)%00%(upstream:remotename)%00%(upstream:remoteref) refs/heads/master refs/remotes/master [79ms]
2024-10-14 20:20:16.317 [info] > git config --local branch.master.vscode-merge-base [4ms]
2024-10-14 20:20:16.317 [warning] [Git][config] git config failed: Failed to execute git
2024-10-14 20:20:16.391 [info] > git config --get commit.template [153ms]
2024-10-14 20:20:16.470 [info] > git reflog master --grep-reflog=branch: Created from *. [79ms]
2024-10-14 20:20:16.547 [info] > git for-each-ref --format=%(refname)%00%(upstream:short)%00%(objectname)%00%(upstream:track)%00%(upstream:remotename)%00%(upstream:remoteref) refs/heads/master refs/remotes/master [77ms]
2024-10-14 20:20:16.621 [warning] [Git][revParse] Unable to read file: ENOENT: no such file or directory, open '/home/martin/.cache/yay/pika-backup-git/.git/refs/remotes/origin/master'
2024-10-14 20:20:16.622 [info] > git rev-parse refs/remotes/origin/master [1ms]
2024-10-14 20:20:16.782 [info] > git symbolic-ref --short refs/remotes/origin/HEAD [236ms]
2024-10-14 20:20:16.874 [info] > git status -z -uall [179ms]
2024-10-14 20:20:16.874 [info] > git for-each-ref --sort -committerdate --format %(refname) %(objectname) %(*objectname) [92ms]
2024-10-14 20:20:16.958 [info] > git for-each-ref --format=%(refname)%00%(upstream:short)%00%(objectname)%00%(upstream:track)%00%(upstream:remotename)%00%(upstream:remoteref) refs/heads/master refs/remotes/master [1ms]
2024-10-14 20:20:17.036 [info] > git for-each-ref --format=%(refname)%00%(upstream:short)%00%(objectname)%00%(upstream:track)%00%(upstream:remotename)%00%(upstream:remoteref) refs/heads/origin/master refs/remotes/origin/master [162ms]
2024-10-14 20:20:17.114 [info] > git config --local branch.master.vscode-merge-base origin/master [1ms]
2024-10-14 20:20:17.114 [info] > git config --local branch.master.vscode-merge-base [78ms]
2024-10-14 20:20:17.114 [warning] [Git][config] git config failed: Failed to execute git
2024-10-14 20:20:17.269 [info] > git config --get commit.template [1ms]
2024-10-14 20:20:17.269 [info] > git reflog master --grep-reflog=branch: Created from *. [79ms]
2024-10-14 20:20:17.345 [info] > git symbolic-ref --short refs/remotes/origin/HEAD [1ms]
2024-10-14 20:20:17.500 [info] > git for-each-ref --format=%(refname)%00%(upstream:short)%00%(objectname)%00%(upstream:track)%00%(upstream:remotename)%00%(upstream:remoteref) refs/heads/master refs/remotes/master [1ms]
2024-10-14 20:20:17.500 [info] > git for-each-ref --format=%(refname)%00%(upstream:short)%00%(objectname)%00%(upstream:track)%00%(upstream:remotename)%00%(upstream:remoteref) refs/heads/origin/master refs/remotes/origin/master [81ms]
2024-10-14 20:20:17.656 [warning] [Git][revParse] Unable to read file: ENOENT: no such file or directory, open '/home/martin/.cache/yay/pika-backup-git/.git/refs/remotes/origin/master'
2024-10-14 20:20:17.656 [info] > git rev-parse refs/remotes/origin/master [0ms]
2024-10-14 20:20:17.814 [info] > git config --local branch.master.vscode-merge-base origin/master [237ms]
2024-10-14 20:20:17.815 [info] > git for-each-ref --sort -committerdate --format %(refname) %(objectname) %(*objectname) [1ms] (cancelled)
2024-10-14 20:20:18.050 [info] > git status -z -uall [317ms] (cancelled)
2024-10-14 20:20:18.050 [info] > git merge-base refs/heads/master refs/remotes/origin/master [83ms]
2024-10-14 20:20:18.128 [info] > git for-each-ref --format=%(refname)%00%(upstream:short)%00%(objectname)%00%(upstream:track)%00%(upstream:remotename)%00%(upstream:remoteref) refs/heads/master refs/remotes/master [237ms]
2024-10-14 20:20:18.208 [info] > git config --local branch.master.vscode-merge-base [2ms]
2024-10-14 20:20:18.288 [info] > git diff --name-status -z --diff-filter=ADMR f32094e4cc65aa21c20915cf1f3034e9db80e2cf...refs/remotes/origin/master [161ms]
2024-10-14 20:20:18.289 [info] > git config --get commit.template [240ms]
2024-10-14 20:20:18.290 [info] > git for-each-ref --format=%(refname)%00%(upstream:short)%00%(objectname)%00%(upstream:track)%00%(upstream:remotename)%00%(upstream:remoteref) refs/heads/origin/master refs/remotes/origin/master [2ms]
2024-10-14 20:20:18.382 [info] > git for-each-ref --format=%(refname)%00%(upstream:short)%00%(objectname)%00%(upstream:track)%00%(upstream:remotename)%00%(upstream:remoteref) refs/heads/master refs/remotes/master [14ms]
2024-10-14 20:20:18.464 [warning] [Git][revParse] Unable to read file: ENOENT: no such file or directory, open '/home/martin/.cache/yay/pika-backup-git/.git/refs/remotes/origin/master'
2024-10-14 20:20:18.466 [info] > git rev-parse refs/remotes/origin/master [2ms]
2024-10-14 20:20:18.628 [info] > git status -z -uall [79ms]
2024-10-14 20:20:18.629 [info] > git for-each-ref --sort -committerdate --format %(refname) %(objectname) %(*objectname) [1ms]
2024-10-14 20:24:09.569 [info] > git config --get commit.template [2ms]
2024-10-14 20:24:09.705 [info] > git for-each-ref --format=%(refname)%00%(upstream:short)%00%(objectname)%00%(upstream:track)%00%(upstream:remotename)%00%(upstream:remoteref) refs/heads/master refs/remotes/master [2ms]
2024-10-14 20:24:09.831 [warning] [Git][revParse] Unable to read file: ENOENT: no such file or directory, open '/home/martin/.cache/yay/pika-backup-git/.git/refs/remotes/origin/master'
2024-10-14 20:24:09.832 [info] > git rev-parse refs/remotes/origin/master [1ms]
2024-10-14 20:24:10.060 [info] > git status -z -uall [117ms]
2024-10-14 20:24:10.062 [info] > git for-each-ref --sort -committerdate --format %(refname) %(objectname) %(*objectname) [3ms]
2024-10-14 20:24:53.185 [info] > git config --get commit.template [1ms]
2024-10-14 20:24:53.303 [info] > git for-each-ref --format=%(refname)%00%(upstream:short)%00%(objectname)%00%(upstream:track)%00%(upstream:remotename)%00%(upstream:remoteref) refs/heads/master refs/remotes/master [2ms]
2024-10-14 20:24:53.406 [warning] [Git][revParse] Unable to read file: ENOENT: no such file or directory, open '/home/martin/.cache/yay/pika-backup-git/.git/refs/remotes/origin/master'
2024-10-14 20:24:53.407 [info] > git rev-parse refs/remotes/origin/master [1ms]
2024-10-14 20:24:53.617 [info] > git status -z -uall [101ms]
2024-10-14 20:24:53.618 [info] > git for-each-ref --sort -committerdate --format %(refname) %(objectname) %(*objectname) [3ms]
