2024-10-26 17:55:57.409 [info] Getting Manifest... pkief.material-icon-theme
2024-10-26 17:55:57.410 [info] Getting Manifest... rust-lang.rust-analyzer
2024-10-26 17:55:57.554 [info] Installing extension: pkief.material-icon-theme {"productVersion":{"version":"1.94.2","date":"2024-10-09T16:08:44.566Z"},"pinned":false,"operation":3,"isApplicationScoped":false,"profileLocation":{"$mid":1,"external":"vscode-userdata:/home/martin/.vscode/extensions/extensions.json","path":"/home/martin/.vscode/extensions/extensions.json","scheme":"vscode-userdata"},"installOnlyNewlyAddedFromExtensionPack":true}
2024-10-26 17:55:57.557 [info] Installing extension: rust-lang.rust-analyzer {"productVersion":{"version":"1.94.2","date":"2024-10-09T16:08:44.566Z"},"pinned":false,"operation":3,"isApplicationScoped":false,"profileLocation":{"$mid":1,"external":"vscode-userdata:/home/martin/.vscode/extensions/extensions.json","path":"/home/martin/.vscode/extensions/extensions.json","scheme":"vscode-userdata"},"installOnlyNewlyAddedFromExtensionPack":true}
2024-10-26 17:55:58.014 [info] Extension signature verification result for pkief.material-icon-theme: UnknownError. Executed: true. Duration: 17ms.
2024-10-26 17:55:58.295 [info] Extracted extension to file:///home/martin/.vscode/extensions/pkief.material-icon-theme-5.12.0: pkief.material-icon-theme
2024-10-26 17:55:58.304 [info] Renamed to /home/martin/.vscode/extensions/pkief.material-icon-theme-5.12.0
2024-10-26 17:55:58.314 [info] Marked extension as uninstalled pkief.material-icon-theme-5.11.1
2024-10-26 17:55:58.323 [info] Extension installed successfully: pkief.material-icon-theme vscode-userdata:/home/martin/.vscode/extensions/extensions.json
2024-10-26 17:55:58.384 [error] [uncaught exception in sharedProcess]: Error: ENOENT: no such file or directory, stat '/home/martin/.vscode/extensions/extensions.json.vsctmp': EntryNotFound (FileSystemError): Error: ENOENT: no such file or directory, stat '/home/martin/.vscode/extensions/extensions.json.vsctmp'
    at lm.create (file:///opt/visual-studio-code/resources/app/out/vs/code/electron-utility/sharedProcess/sharedProcessMain.js:35:39253)
    at Es (file:///opt/visual-studio-code/resources/app/out/vs/code/electron-utility/sharedProcess/sharedProcessMain.js:35:39360)
    at Fr.ib (file:///opt/visual-studio-code/resources/app/out/vs/code/electron-utility/sharedProcess/sharedProcessMain.js:71:22661)
    at Fr.stat (file:///opt/visual-studio-code/resources/app/out/vs/code/electron-utility/sharedProcess/sharedProcessMain.js:71:15994)
    at async eh.stat (file:///opt/visual-studio-code/resources/app/out/vs/code/electron-utility/sharedProcess/sharedProcessMain.js:70:84484)
    at async Kl.yb (file:///opt/visual-studio-code/resources/app/out/vs/code/electron-utility/sharedProcess/sharedProcessMain.js:70:66600)
2024-10-26 17:55:58.414 [info] Extension signature verification result for rust-lang.rust-analyzer: UnknownError. Executed: true. Duration: 6ms.
2024-10-26 17:55:58.692 [info] Extracted extension to file:///home/martin/.vscode/extensions/rust-lang.rust-analyzer-0.3.2154-linux-x64: rust-lang.rust-analyzer
2024-10-26 17:55:58.698 [info] Renamed to /home/martin/.vscode/extensions/rust-lang.rust-analyzer-0.3.2154-linux-x64
2024-10-26 17:55:58.716 [info] Marked extension as uninstalled rust-lang.rust-analyzer-0.3.2146-linux-x64
2024-10-26 17:55:58.721 [info] Extension installed successfully: rust-lang.rust-analyzer vscode-userdata:/home/martin/.vscode/extensions/extensions.json
2024-10-26 17:55:58.783 [error] [uncaught exception in sharedProcess]: Error: ENOENT: no such file or directory, stat '/home/martin/.vscode/extensions/extensions.json.vsctmp': EntryNotFound (FileSystemError): Error: ENOENT: no such file or directory, stat '/home/martin/.vscode/extensions/extensions.json.vsctmp'
    at lm.create (file:///opt/visual-studio-code/resources/app/out/vs/code/electron-utility/sharedProcess/sharedProcessMain.js:35:39253)
    at Es (file:///opt/visual-studio-code/resources/app/out/vs/code/electron-utility/sharedProcess/sharedProcessMain.js:35:39360)
    at Fr.ib (file:///opt/visual-studio-code/resources/app/out/vs/code/electron-utility/sharedProcess/sharedProcessMain.js:71:22661)
    at Fr.stat (file:///opt/visual-studio-code/resources/app/out/vs/code/electron-utility/sharedProcess/sharedProcessMain.js:71:15994)
    at async eh.stat (file:///opt/visual-studio-code/resources/app/out/vs/code/electron-utility/sharedProcess/sharedProcessMain.js:70:84484)
    at async Kl.yb (file:///opt/visual-studio-code/resources/app/out/vs/code/electron-utility/sharedProcess/sharedProcessMain.js:70:66600)
