2024-10-14 20:31:12.765 [info] [main] Log level: Info
2024-10-14 20:31:12.765 [info] [main] Validating found git in: "git"
2024-10-14 20:31:12.765 [info] [main] Using git "2.47.0" from "git"
2024-10-14 20:31:12.765 [info] [Model][doInitialScan] Initial repository scan started
2024-10-14 20:31:12.765 [info] > git rev-parse --show-toplevel [17ms]
2024-10-14 20:31:12.765 [info] fatal: not a git repository (or any of the parent directories): .git
2024-10-14 20:31:12.765 [info] > git rev-parse --show-toplevel [5ms]
2024-10-14 20:31:12.765 [info] fatal: not a git repository (or any of the parent directories): .git
2024-10-14 20:31:12.766 [info] > git rev-parse --show-toplevel [8ms]
2024-10-14 20:31:12.766 [info] fatal: not a git repository (or any of the parent directories): .git
2024-10-14 20:31:12.790 [info] > git rev-parse --show-toplevel [1ms]
2024-10-14 20:31:12.790 [info] fatal: not a git repository (or any of the parent directories): .git
2024-10-14 20:31:12.802 [info] > git rev-parse --show-toplevel [1ms]
2024-10-14 20:31:12.802 [info] fatal: not a git repository (or any of the parent directories): .git
2024-10-14 20:31:12.817 [info] > git rev-parse --show-toplevel [1ms]
2024-10-14 20:31:12.817 [info] fatal: not a git repository (or any of the parent directories): .git
2024-10-14 20:31:12.832 [info] > git rev-parse --show-toplevel [1ms]
2024-10-14 20:31:12.832 [info] fatal: not a git repository (or any of the parent directories): .git
2024-10-14 20:31:12.845 [info] > git rev-parse --show-toplevel [2ms]
2024-10-14 20:31:12.845 [info] fatal: not a git repository (or any of the parent directories): .git
2024-10-14 20:31:12.859 [info] > git rev-parse --show-toplevel [1ms]
2024-10-14 20:31:12.859 [info] fatal: not a git repository (or any of the parent directories): .git
2024-10-14 20:31:12.878 [info] > git rev-parse --show-toplevel [5ms]
2024-10-14 20:31:12.878 [info] fatal: not a git repository (or any of the parent directories): .git
2024-10-14 20:31:12.892 [info] > git rev-parse --show-toplevel [2ms]
2024-10-14 20:31:12.892 [info] fatal: not a git repository (or any of the parent directories): .git
2024-10-14 20:31:12.905 [info] > git rev-parse --show-toplevel [3ms]
2024-10-14 20:31:12.905 [info] fatal: not a git repository (or any of the parent directories): .git
2024-10-14 20:31:12.912 [info] > git rev-parse --show-toplevel [1ms]
2024-10-14 20:31:12.912 [info] fatal: not a git repository (or any of the parent directories): .git
2024-10-14 20:31:12.924 [info] > git rev-parse --show-toplevel [0ms]
2024-10-14 20:31:12.924 [info] fatal: not a git repository (or any of the parent directories): .git
2024-10-14 20:31:12.935 [info] > git rev-parse --show-toplevel [0ms]
2024-10-14 20:31:12.935 [info] fatal: not a git repository (or any of the parent directories): .git
2024-10-14 20:31:12.950 [info] > git rev-parse --show-toplevel [7ms]
2024-10-14 20:31:12.950 [info] fatal: not a git repository (or any of the parent directories): .git
2024-10-14 20:31:12.962 [info] > git rev-parse --show-toplevel [1ms]
2024-10-14 20:31:12.962 [info] fatal: not a git repository (or any of the parent directories): .git
2024-10-14 20:31:12.976 [info] > git rev-parse --show-toplevel [1ms]
2024-10-14 20:31:12.976 [info] fatal: not a git repository (or any of the parent directories): .git
2024-10-14 20:31:13.001 [info] > git rev-parse --show-toplevel [11ms]
2024-10-14 20:31:13.001 [info] fatal: not a git repository (or any of the parent directories): .git
2024-10-14 20:31:13.012 [info] > git rev-parse --show-toplevel [1ms]
2024-10-14 20:31:13.012 [info] fatal: not a git repository (or any of the parent directories): .git
2024-10-14 20:31:13.022 [info] > git rev-parse --show-toplevel [1ms]
2024-10-14 20:31:13.022 [info] fatal: not a git repository (or any of the parent directories): .git
2024-10-14 20:31:13.033 [info] > git rev-parse --show-toplevel [1ms]
2024-10-14 20:31:13.033 [info] fatal: not a git repository (or any of the parent directories): .git
2024-10-14 20:31:13.045 [info] > git rev-parse --show-toplevel [1ms]
2024-10-14 20:31:13.058 [info] fatal: not a git repository (or any of the parent directories): .git
2024-10-14 20:31:13.065 [info] > git rev-parse --show-toplevel [1ms]
2024-10-14 20:31:13.065 [info] fatal: not a git repository (or any of the parent directories): .git
2024-10-14 20:31:13.084 [info] > git rev-parse --show-toplevel [8ms]
2024-10-14 20:31:13.084 [info] fatal: not a git repository (or any of the parent directories): .git
2024-10-14 20:31:13.097 [info] > git rev-parse --show-toplevel [1ms]
2024-10-14 20:31:13.097 [info] fatal: not a git repository (or any of the parent directories): .git
2024-10-14 20:31:13.108 [info] > git rev-parse --show-toplevel [1ms]
2024-10-14 20:31:13.108 [info] fatal: not a git repository (or any of the parent directories): .git
2024-10-14 20:31:13.122 [info] > git rev-parse --show-toplevel [1ms]
2024-10-14 20:31:13.122 [info] fatal: not a git repository (or any of the parent directories): .git
2024-10-14 20:31:13.135 [info] > git rev-parse --show-toplevel [1ms]
2024-10-14 20:31:13.135 [info] fatal: not a git repository (or any of the parent directories): .git
2024-10-14 20:31:13.147 [info] > git rev-parse --show-toplevel [2ms]
2024-10-14 20:31:13.147 [info] fatal: not a git repository (or any of the parent directories): .git
2024-10-14 20:31:13.158 [info] > git rev-parse --show-toplevel [0ms]
2024-10-14 20:31:13.158 [info] fatal: not a git repository (or any of the parent directories): .git
2024-10-14 20:31:13.165 [info] > git rev-parse --show-toplevel [2ms]
2024-10-14 20:31:13.165 [info] fatal: not a git repository (or any of the parent directories): .git
2024-10-14 20:31:13.178 [info] > git rev-parse --show-toplevel [3ms]
2024-10-14 20:31:13.178 [info] fatal: not a git repository (or any of the parent directories): .git
2024-10-14 20:31:13.181 [info] [Model][doInitialScan] Initial repository scan completed - repositories (0), closed repositories (0), parent repositories (0), unsafe repositories (0)
2024-10-14 20:31:29.201 [info] > git rev-parse --show-toplevel [6ms]
2024-10-14 20:31:29.201 [info] fatal: not a git repository (or any of the parent directories): .git
2024-10-14 20:31:29.233 [info] > git rev-parse --show-toplevel [2ms]
2024-10-14 20:31:29.233 [info] fatal: not a git repository (or any of the parent directories): .git
2024-10-14 20:31:29.290 [info] > git rev-parse --show-toplevel [0ms]
2024-10-14 20:31:29.290 [info] fatal: not a git repository (or any of the parent directories): .git
2024-10-14 20:31:29.362 [info] > git rev-parse --show-toplevel [1ms]
2024-10-14 20:31:29.362 [info] fatal: not a git repository (or any of the parent directories): .git
2024-10-14 20:31:46.061 [info] [main] Log level: Info
2024-10-14 20:31:46.061 [info] [main] Validating found git in: "git"
2024-10-14 20:31:46.061 [info] [main] Using git "2.47.0" from "git"
2024-10-14 20:31:46.061 [info] [Model][doInitialScan] Initial repository scan started
2024-10-14 20:31:46.061 [info] > git rev-parse --show-toplevel [13ms]
2024-10-14 20:31:46.061 [info] fatal: not a git repository (or any of the parent directories): .git
2024-10-14 20:31:46.091 [info] > git rev-parse --show-toplevel [1ms]
2024-10-14 20:31:46.091 [info] fatal: not a git repository (or any of the parent directories): .git
2024-10-14 20:31:46.102 [info] > git rev-parse --show-toplevel [4ms]
2024-10-14 20:31:46.102 [info] fatal: not a git repository (or any of the parent directories): .git
2024-10-14 20:31:46.112 [info] > git rev-parse --show-toplevel [1ms]
2024-10-14 20:31:46.112 [info] fatal: not a git repository (or any of the parent directories): .git
2024-10-14 20:31:46.138 [info] > git rev-parse --show-toplevel [10ms]
2024-10-14 20:31:46.138 [info] fatal: not a git repository (or any of the parent directories): .git
2024-10-14 20:31:46.166 [info] > git rev-parse --show-toplevel [18ms]
2024-10-14 20:31:46.166 [info] fatal: not a git repository (or any of the parent directories): .git
2024-10-14 20:31:46.178 [info] > git rev-parse --show-toplevel [1ms]
2024-10-14 20:31:46.178 [info] fatal: not a git repository (or any of the parent directories): .git
2024-10-14 20:31:46.192 [info] > git rev-parse --show-toplevel [4ms]
2024-10-14 20:31:46.192 [info] fatal: not a git repository (or any of the parent directories): .git
2024-10-14 20:31:46.206 [info] > git rev-parse --show-toplevel [0ms]
2024-10-14 20:31:46.206 [info] fatal: not a git repository (or any of the parent directories): .git
2024-10-14 20:31:46.216 [info] > git rev-parse --show-toplevel [1ms]
2024-10-14 20:31:46.216 [info] fatal: not a git repository (or any of the parent directories): .git
2024-10-14 20:31:46.226 [info] > git rev-parse --show-toplevel [2ms]
2024-10-14 20:31:46.226 [info] fatal: not a git repository (or any of the parent directories): .git
2024-10-14 20:31:46.239 [info] > git rev-parse --show-toplevel [0ms]
2024-10-14 20:31:46.239 [info] fatal: not a git repository (or any of the parent directories): .git
2024-10-14 20:31:46.247 [info] > git rev-parse --show-toplevel [1ms]
2024-10-14 20:31:46.247 [info] fatal: not a git repository (or any of the parent directories): .git
2024-10-14 20:31:46.258 [info] > git rev-parse --show-toplevel [0ms]
2024-10-14 20:31:46.259 [info] fatal: not a git repository (or any of the parent directories): .git
2024-10-14 20:31:46.267 [info] > git rev-parse --show-toplevel [1ms]
2024-10-14 20:31:46.267 [info] fatal: not a git repository (or any of the parent directories): .git
2024-10-14 20:31:46.282 [info] > git rev-parse --show-toplevel [2ms]
2024-10-14 20:31:46.282 [info] fatal: not a git repository (or any of the parent directories): .git
2024-10-14 20:31:46.296 [info] > git rev-parse --show-toplevel [1ms]
2024-10-14 20:31:46.296 [info] fatal: not a git repository (or any of the parent directories): .git
2024-10-14 20:31:46.305 [info] > git rev-parse --show-toplevel [0ms]
2024-10-14 20:31:46.305 [info] fatal: not a git repository (or any of the parent directories): .git
2024-10-14 20:31:46.315 [info] > git rev-parse --show-toplevel [0ms]
2024-10-14 20:31:46.315 [info] fatal: not a git repository (or any of the parent directories): .git
2024-10-14 20:31:46.325 [info] > git rev-parse --show-toplevel [6ms]
2024-10-14 20:31:46.325 [info] fatal: not a git repository (or any of the parent directories): .git
2024-10-14 20:31:46.333 [info] > git rev-parse --show-toplevel [0ms]
2024-10-14 20:31:46.334 [info] fatal: not a git repository (or any of the parent directories): .git
2024-10-14 20:31:46.345 [info] > git rev-parse --show-toplevel [1ms]
2024-10-14 20:31:46.345 [info] fatal: not a git repository (or any of the parent directories): .git
2024-10-14 20:31:46.352 [info] > git rev-parse --show-toplevel [1ms]
2024-10-14 20:31:46.352 [info] fatal: not a git repository (or any of the parent directories): .git
2024-10-14 20:31:46.364 [info] > git rev-parse --show-toplevel [1ms]
2024-10-14 20:31:46.364 [info] fatal: not a git repository (or any of the parent directories): .git
2024-10-14 20:31:46.369 [info] > git rev-parse --show-toplevel [1ms]
2024-10-14 20:31:46.369 [info] fatal: not a git repository (or any of the parent directories): .git
2024-10-14 20:31:46.382 [info] > git rev-parse --show-toplevel [1ms]
2024-10-14 20:31:46.382 [info] fatal: not a git repository (or any of the parent directories): .git
2024-10-14 20:31:46.395 [info] > git rev-parse --show-toplevel [5ms]
2024-10-14 20:31:46.395 [info] fatal: not a git repository (or any of the parent directories): .git
2024-10-14 20:31:46.401 [info] > git rev-parse --show-toplevel [1ms]
2024-10-14 20:31:46.401 [info] fatal: not a git repository (or any of the parent directories): .git
2024-10-14 20:31:46.412 [info] > git rev-parse --show-toplevel [1ms]
2024-10-14 20:31:46.412 [info] fatal: not a git repository (or any of the parent directories): .git
2024-10-14 20:31:46.422 [info] > git rev-parse --show-toplevel [1ms]
2024-10-14 20:31:46.422 [info] fatal: not a git repository (or any of the parent directories): .git
2024-10-14 20:31:46.428 [info] > git rev-parse --show-toplevel [1ms]
2024-10-14 20:31:46.428 [info] fatal: not a git repository (or any of the parent directories): .git
2024-10-14 20:31:46.432 [info] [Model][doInitialScan] Initial repository scan completed - repositories (0), closed repositories (0), parent repositories (0), unsafe repositories (0)
2024-10-14 20:34:00.613 [info] > git rev-parse --show-toplevel [1ms]
2024-10-14 20:34:00.618 [info] > git rev-parse --git-dir --git-common-dir [0ms]
2024-10-14 20:34:00.624 [info] [Model][openRepository] Opened repository: /home/martin/git/hyprls
2024-10-14 20:34:00.633 [info] > git config --get commit.template [3ms]
2024-10-14 20:34:00.633 [info] > git rev-parse --show-toplevel [1ms]
2024-10-14 20:34:00.645 [info] > git rev-parse --git-dir --git-common-dir [1ms]
2024-10-14 20:34:00.647 [info] [Model][openRepository] Opened repository: /home/martin/git/hyprls/hyprland-wiki
2024-10-14 20:34:00.647 [info] > git for-each-ref --format=%(refname)%00%(upstream:short)%00%(objectname)%00%(upstream:track)%00%(upstream:remotename)%00%(upstream:remoteref) refs/heads/main refs/remotes/main [9ms]
2024-10-14 20:34:00.655 [warning] [Git][revParse] Unable to read file: ENOENT: no such file or directory, open '/home/martin/git/hyprls/.git/refs/remotes/origin/main'
2024-10-14 20:34:00.656 [info] > git config --get commit.template [4ms]
2024-10-14 20:34:00.657 [info] > git rev-parse refs/remotes/origin/main [2ms]
2024-10-14 20:34:00.670 [warning] [Git][getHEAD] Failed to parse HEAD file: Repository is using reftable format.
2024-10-14 20:34:00.672 [info] > git status -z -uall [11ms]
2024-10-14 20:34:00.672 [info] > git symbolic-ref --short HEAD [2ms]
2024-10-14 20:34:00.672 [info] fatal: No such ref: HEAD
2024-10-14 20:34:00.676 [info] > git for-each-ref --sort -committerdate --format %(refname) %(objectname) %(*objectname) [10ms]
2024-10-14 20:34:00.696 [info] > git for-each-ref --format=%(refname)%00%(upstream:short)%00%(objectname)%00%(upstream:track)%00%(upstream:remotename)%00%(upstream:remoteref) refs/heads/main refs/remotes/main [9ms]
2024-10-14 20:34:00.702 [info] > git rev-parse HEAD [27ms]
2024-10-14 20:34:00.702 [info] fatal: ambiguous argument 'HEAD': unknown revision or path not in the working tree.
Use '--' to separate paths from revisions, like this:
'git <command> [<revision>...] -- [<file>...]'
2024-10-14 20:34:00.712 [info] > git status -z -uall [6ms]
2024-10-14 20:34:00.713 [info] > git for-each-ref --sort -committerdate --format %(refname) %(objectname) %(*objectname) [3ms]
2024-10-14 20:34:00.719 [info] > git config --local branch.main.vscode-merge-base [18ms]
2024-10-14 20:34:00.719 [warning] [Git][config] git config failed: Failed to execute git
2024-10-14 20:34:00.724 [info] > git config --get commit.template [28ms]
2024-10-14 20:34:00.730 [info] > git reflog main --grep-reflog=branch: Created from *. [7ms]
2024-10-14 20:34:00.734 [info] > git symbolic-ref --short HEAD [15ms]
2024-10-14 20:34:00.734 [info] fatal: No such ref: HEAD
2024-10-14 20:34:00.770 [info] > git rev-parse HEAD [33ms]
2024-10-14 20:34:00.770 [info] fatal: ambiguous argument 'HEAD': unknown revision or path not in the working tree.
Use '--' to separate paths from revisions, like this:
'git <command> [<revision>...] -- [<file>...]'
2024-10-14 20:34:00.770 [info] > git symbolic-ref --short refs/remotes/origin/HEAD [36ms]
2024-10-14 20:34:00.775 [info] > git config --get commit.template [46ms]
2024-10-14 20:34:00.787 [info] > git for-each-ref --format=%(refname)%00%(upstream:short)%00%(objectname)%00%(upstream:track)%00%(upstream:remotename)%00%(upstream:remoteref) refs/heads/origin/main refs/remotes/origin/main [12ms]
2024-10-14 20:34:00.791 [info] > git for-each-ref --format=%(refname)%00%(upstream:short)%00%(objectname)%00%(upstream:track)%00%(upstream:remotename)%00%(upstream:remoteref) refs/heads/main refs/remotes/main [22ms]
2024-10-14 20:34:00.805 [warning] [Git][revParse] Unable to read file: ENOENT: no such file or directory, open '/home/martin/git/hyprls/.git/refs/remotes/origin/main'
2024-10-14 20:34:00.806 [info] > git status -z -uall [9ms]
2024-10-14 20:34:00.807 [info] > git config --local branch.main.vscode-merge-base origin/main [16ms]
2024-10-14 20:34:00.813 [info] > git rev-parse refs/remotes/origin/main [8ms]
2024-10-14 20:34:00.820 [info] > git for-each-ref --sort -committerdate --format %(refname) %(objectname) %(*objectname) [19ms]
2024-10-14 20:34:00.822 [info] > git for-each-ref --format=%(refname)%00%(upstream:short)%00%(objectname)%00%(upstream:track)%00%(upstream:remotename)%00%(upstream:remoteref) refs/heads/main refs/remotes/main [4ms]
2024-10-14 20:34:00.827 [info] > git config --get commit.template [15ms]
2024-10-14 20:34:00.829 [info] > git config --local branch.main.vscode-merge-base [2ms]
2024-10-14 20:34:00.840 [info] > git for-each-ref --format=%(refname)%00%(upstream:short)%00%(objectname)%00%(upstream:track)%00%(upstream:remotename)%00%(upstream:remoteref) refs/heads/origin/main refs/remotes/origin/main [6ms]
2024-10-14 20:34:00.846 [info] > git for-each-ref --format=%(refname)%00%(upstream:short)%00%(objectname)%00%(upstream:track)%00%(upstream:remotename)%00%(upstream:remoteref) refs/heads/main refs/remotes/main [7ms]
2024-10-14 20:34:00.850 [warning] [Git][revParse] Unable to read file: ENOENT: no such file or directory, open '/home/martin/git/hyprls/.git/refs/remotes/origin/main'
2024-10-14 20:34:00.851 [info] > git merge-base refs/heads/main refs/remotes/origin/main [6ms]
2024-10-14 20:34:00.856 [info] > git rev-parse refs/remotes/origin/main [5ms]
2024-10-14 20:34:00.864 [info] > git diff --name-status -z --diff-filter=ADMR 8a8ad573d95af2cadc22f91b9d383c99c0f61f45...refs/remotes/origin/main [9ms]
2024-10-14 20:34:00.865 [info] > git for-each-ref --sort -committerdate --format %(refname) %(objectname) %(*objectname) [1ms]
2024-10-14 20:34:00.871 [info] > git status -z -uall [11ms]
2024-10-14 20:34:10.007 [info] > git config --get commit.template [5ms]
2024-10-14 20:34:10.007 [info] > git symbolic-ref --short HEAD [9ms]
2024-10-14 20:34:10.007 [info] fatal: ref HEAD is not a symbolic ref
2024-10-14 20:34:10.012 [info] > git config --get commit.template [6ms]
2024-10-14 20:34:10.016 [info] > git rev-parse HEAD [5ms]
2024-10-14 20:34:10.021 [info] > git for-each-ref --format=%(refname)%00%(upstream:short)%00%(objectname)%00%(upstream:track)%00%(upstream:remotename)%00%(upstream:remoteref) refs/heads/main refs/remotes/main [5ms]
2024-10-14 20:34:10.025 [warning] [Git][revParse] Unable to read file: ENOENT: no such file or directory, open '/home/martin/git/hyprls/.git/refs/remotes/origin/main'
2024-10-14 20:34:10.026 [info] > git for-each-ref --format %(refname) %(objectname) %(*objectname) refs/tags [6ms]
2024-10-14 20:34:10.036 [info] > git status -z -uall [6ms]
2024-10-14 20:34:10.037 [info] > git rev-parse refs/remotes/origin/main [12ms]
2024-10-14 20:34:10.044 [info] > git for-each-ref --sort -committerdate --format %(refname) %(objectname) %(*objectname) [8ms]
2024-10-14 20:34:10.046 [info] > git for-each-ref --sort -committerdate --format %(refname) %(objectname) %(*objectname) [2ms]
2024-10-14 20:34:10.053 [info] > git status -z -uall [13ms]
2024-10-14 20:34:15.072 [info] > git config --get commit.template [8ms]
2024-10-14 20:34:15.073 [info] > git for-each-ref --format=%(refname)%00%(upstream:short)%00%(objectname)%00%(upstream:track)%00%(upstream:remotename)%00%(upstream:remoteref) refs/heads/main refs/remotes/main [2ms]
2024-10-14 20:34:15.077 [warning] [Git][revParse] Unable to read file: ENOENT: no such file or directory, open '/home/martin/git/hyprls/.git/refs/remotes/origin/main'
2024-10-14 20:34:15.078 [info] > git rev-parse refs/remotes/origin/main [1ms]
2024-10-14 20:34:15.087 [info] > git for-each-ref --sort -committerdate --format %(refname) %(objectname) %(*objectname) [2ms]
2024-10-14 20:34:15.093 [info] > git status -z -uall [11ms]
