2024-10-13 16:09:18.122 [info] [main] Log level: Info
2024-10-13 16:09:18.122 [info] [main] Validating found git in: "git"
2024-10-13 16:09:18.122 [info] [main] Using git "2.47.0" from "git"
2024-10-13 16:09:18.122 [info] [Model][doInitialScan] Initial repository scan started
2024-10-13 16:09:18.122 [info] > git rev-parse --show-toplevel [6ms]
2024-10-13 16:09:18.122 [info] fatal: not a git repository (or any of the parent directories): .git
2024-10-13 16:09:18.122 [info] > git rev-parse --show-toplevel [11ms]
2024-10-13 16:09:18.122 [info] fatal: not a git repository (or any of the parent directories): .git
2024-10-13 16:09:18.126 [info] > git rev-parse --show-toplevel [5ms]
2024-10-13 16:09:18.126 [info] fatal: not a git repository (or any of the parent directories): .git
2024-10-13 16:09:18.170 [info] > git rev-parse --show-toplevel [1ms]
2024-10-13 16:09:18.170 [info] fatal: not a git repository (or any of the parent directories): .git
2024-10-13 16:09:18.189 [info] > git rev-parse --show-toplevel [7ms]
2024-10-13 16:09:18.189 [info] fatal: not a git repository (or any of the parent directories): .git
2024-10-13 16:09:18.202 [info] > git rev-parse --show-toplevel [1ms]
2024-10-13 16:09:18.202 [info] fatal: not a git repository (or any of the parent directories): .git
2024-10-13 16:09:18.217 [info] > git rev-parse --show-toplevel [4ms]
2024-10-13 16:09:18.217 [info] fatal: not a git repository (or any of the parent directories): .git
2024-10-13 16:09:18.232 [info] > git rev-parse --show-toplevel [1ms]
2024-10-13 16:09:18.232 [info] fatal: not a git repository (or any of the parent directories): .git
2024-10-13 16:09:18.250 [info] > git rev-parse --show-toplevel [2ms]
2024-10-13 16:09:18.250 [info] fatal: not a git repository (or any of the parent directories): .git
2024-10-13 16:09:18.262 [info] > git rev-parse --show-toplevel [0ms]
2024-10-13 16:09:18.262 [info] fatal: not a git repository (or any of the parent directories): .git
2024-10-13 16:09:18.278 [info] > git rev-parse --show-toplevel [7ms]
2024-10-13 16:09:18.278 [info] fatal: not a git repository (or any of the parent directories): .git
2024-10-13 16:09:18.288 [info] > git rev-parse --show-toplevel [1ms]
2024-10-13 16:09:18.288 [info] fatal: not a git repository (or any of the parent directories): .git
2024-10-13 16:09:18.305 [info] > git rev-parse --show-toplevel [9ms]
2024-10-13 16:09:18.305 [info] fatal: not a git repository (or any of the parent directories): .git
2024-10-13 16:09:18.321 [info] > git rev-parse --show-toplevel [1ms]
2024-10-13 16:09:18.321 [info] fatal: not a git repository (or any of the parent directories): .git
2024-10-13 16:09:18.329 [info] > git rev-parse --show-toplevel [1ms]
2024-10-13 16:09:18.329 [info] fatal: not a git repository (or any of the parent directories): .git
2024-10-13 16:09:18.341 [info] > git rev-parse --show-toplevel [3ms]
2024-10-13 16:09:18.341 [info] fatal: not a git repository (or any of the parent directories): .git
2024-10-13 16:09:18.351 [info] > git rev-parse --show-toplevel [3ms]
2024-10-13 16:09:18.351 [info] fatal: not a git repository (or any of the parent directories): .git
2024-10-13 16:09:18.362 [info] > git rev-parse --show-toplevel [1ms]
2024-10-13 16:09:18.362 [info] fatal: not a git repository (or any of the parent directories): .git
2024-10-13 16:09:18.375 [info] > git rev-parse --show-toplevel [5ms]
2024-10-13 16:09:18.375 [info] fatal: not a git repository (or any of the parent directories): .git
2024-10-13 16:09:18.385 [info] > git rev-parse --show-toplevel [6ms]
2024-10-13 16:09:18.385 [info] fatal: not a git repository (or any of the parent directories): .git
2024-10-13 16:09:18.395 [info] > git rev-parse --show-toplevel [1ms]
2024-10-13 16:09:18.395 [info] fatal: not a git repository (or any of the parent directories): .git
2024-10-13 16:09:18.407 [info] > git rev-parse --show-toplevel [2ms]
2024-10-13 16:09:18.407 [info] fatal: not a git repository (or any of the parent directories): .git
2024-10-13 16:09:18.421 [info] > git rev-parse --show-toplevel [2ms]
2024-10-13 16:09:18.421 [info] fatal: not a git repository (or any of the parent directories): .git
2024-10-13 16:09:18.428 [info] > git rev-parse --show-toplevel [0ms]
2024-10-13 16:09:18.428 [info] fatal: not a git repository (or any of the parent directories): .git
2024-10-13 16:09:18.440 [info] > git rev-parse --show-toplevel [1ms]
2024-10-13 16:09:18.440 [info] fatal: not a git repository (or any of the parent directories): .git
2024-10-13 16:09:18.448 [info] > git rev-parse --show-toplevel [1ms]
2024-10-13 16:09:18.448 [info] fatal: not a git repository (or any of the parent directories): .git
2024-10-13 16:09:18.459 [info] > git rev-parse --show-toplevel [1ms]
2024-10-13 16:09:18.459 [info] fatal: not a git repository (or any of the parent directories): .git
2024-10-13 16:09:18.463 [info] [Model][doInitialScan] Initial repository scan completed - repositories (0), closed repositories (0), parent repositories (0), unsafe repositories (0)
2024-10-13 16:09:18.473 [info] > git rev-parse --show-toplevel [1ms]
2024-10-13 16:09:18.473 [info] fatal: not a git repository (or any of the parent directories): .git
2024-10-13 16:09:37.365 [info] > git rev-parse --show-toplevel [1ms]
2024-10-13 16:09:37.365 [info] fatal: not a git repository (or any of the parent directories): .git
2024-10-13 16:09:37.391 [info] > git rev-parse --show-toplevel [1ms]
2024-10-13 16:09:37.391 [info] fatal: not a git repository (or any of the parent directories): .git
2024-10-13 16:09:37.491 [info] > git rev-parse --show-toplevel [1ms]
2024-10-13 16:09:37.491 [info] fatal: not a git repository (or any of the parent directories): .git
2024-10-13 16:09:40.985 [info] [main] Log level: Info
2024-10-13 16:09:40.985 [info] [main] Validating found git in: "git"
2024-10-13 16:09:40.985 [info] [main] Using git "2.47.0" from "git"
2024-10-13 16:09:40.985 [info] [Model][doInitialScan] Initial repository scan started
2024-10-13 16:09:40.985 [info] > git rev-parse --show-toplevel [19ms]
2024-10-13 16:09:40.985 [info] fatal: not a git repository (or any of the parent directories): .git
2024-10-13 16:09:40.995 [info] > git rev-parse --show-toplevel [1ms]
2024-10-13 16:09:40.995 [info] fatal: not a git repository (or any of the parent directories): .git
2024-10-13 16:09:41.009 [info] > git rev-parse --show-toplevel [1ms]
2024-10-13 16:09:41.009 [info] fatal: not a git repository (or any of the parent directories): .git
2024-10-13 16:09:41.028 [info] > git rev-parse --show-toplevel [11ms]
2024-10-13 16:09:41.028 [info] fatal: not a git repository (or any of the parent directories): .git
2024-10-13 16:09:41.042 [info] > git rev-parse --show-toplevel [1ms]
2024-10-13 16:09:41.042 [info] fatal: not a git repository (or any of the parent directories): .git
2024-10-13 16:09:41.052 [info] > git rev-parse --show-toplevel [0ms]
2024-10-13 16:09:41.052 [info] fatal: not a git repository (or any of the parent directories): .git
2024-10-13 16:09:41.064 [info] > git rev-parse --show-toplevel [3ms]
2024-10-13 16:09:41.064 [info] fatal: not a git repository (or any of the parent directories): .git
2024-10-13 16:09:41.071 [info] > git rev-parse --show-toplevel [1ms]
2024-10-13 16:09:41.073 [info] fatal: not a git repository (or any of the parent directories): .git
2024-10-13 16:09:41.082 [info] > git rev-parse --show-toplevel [1ms]
2024-10-13 16:09:41.082 [info] fatal: not a git repository (or any of the parent directories): .git
2024-10-13 16:09:41.098 [info] > git rev-parse --show-toplevel [6ms]
2024-10-13 16:09:41.098 [info] fatal: not a git repository (or any of the parent directories): .git
2024-10-13 16:09:41.108 [info] > git rev-parse --show-toplevel [5ms]
2024-10-13 16:09:41.108 [info] fatal: not a git repository (or any of the parent directories): .git
2024-10-13 16:09:41.115 [info] > git rev-parse --show-toplevel [1ms]
2024-10-13 16:09:41.115 [info] fatal: not a git repository (or any of the parent directories): .git
2024-10-13 16:09:41.127 [info] > git rev-parse --show-toplevel [0ms]
2024-10-13 16:09:41.127 [info] fatal: not a git repository (or any of the parent directories): .git
2024-10-13 16:09:41.134 [info] > git rev-parse --show-toplevel [1ms]
2024-10-13 16:09:41.134 [info] fatal: not a git repository (or any of the parent directories): .git
2024-10-13 16:09:41.141 [info] > git rev-parse --show-toplevel [0ms]
2024-10-13 16:09:41.141 [info] fatal: not a git repository (or any of the parent directories): .git
2024-10-13 16:09:41.155 [info] > git rev-parse --show-toplevel [1ms]
2024-10-13 16:09:41.155 [info] fatal: not a git repository (or any of the parent directories): .git
2024-10-13 16:09:41.165 [info] > git rev-parse --show-toplevel [1ms]
2024-10-13 16:09:41.165 [info] fatal: not a git repository (or any of the parent directories): .git
2024-10-13 16:09:41.172 [info] > git rev-parse --show-toplevel [3ms]
2024-10-13 16:09:41.172 [info] fatal: not a git repository (or any of the parent directories): .git
2024-10-13 16:09:41.186 [info] > git rev-parse --show-toplevel [1ms]
2024-10-13 16:09:41.186 [info] fatal: not a git repository (or any of the parent directories): .git
2024-10-13 16:09:41.195 [info] > git rev-parse --show-toplevel [1ms]
2024-10-13 16:09:41.195 [info] fatal: not a git repository (or any of the parent directories): .git
2024-10-13 16:09:41.207 [info] > git rev-parse --show-toplevel [1ms]
2024-10-13 16:09:41.207 [info] fatal: not a git repository (or any of the parent directories): .git
2024-10-13 16:09:41.217 [info] > git rev-parse --show-toplevel [1ms]
2024-10-13 16:09:41.217 [info] fatal: not a git repository (or any of the parent directories): .git
2024-10-13 16:09:41.228 [info] > git rev-parse --show-toplevel [0ms]
2024-10-13 16:09:41.228 [info] fatal: not a git repository (or any of the parent directories): .git
2024-10-13 16:09:41.236 [info] > git rev-parse --show-toplevel [4ms]
2024-10-13 16:09:41.236 [info] fatal: not a git repository (or any of the parent directories): .git
2024-10-13 16:09:41.248 [info] > git rev-parse --show-toplevel [0ms]
2024-10-13 16:09:41.248 [info] fatal: not a git repository (or any of the parent directories): .git
2024-10-13 16:09:41.255 [info] > git rev-parse --show-toplevel [1ms]
2024-10-13 16:09:41.255 [info] fatal: not a git repository (or any of the parent directories): .git
2024-10-13 16:09:41.257 [info] [Model][doInitialScan] Initial repository scan completed - repositories (0), closed repositories (0), parent repositories (0), unsafe repositories (0)
