2024-10-14 20:35:41.132 [info] [main] Log level: Info
2024-10-14 20:35:41.132 [info] [main] Validating found git in: "git"
2024-10-14 20:35:41.132 [info] [main] Using git "2.47.0" from "git"
2024-10-14 20:35:41.132 [info] [Model][doInitialScan] Initial repository scan started
2024-10-14 20:35:41.132 [info] > git rev-parse --show-toplevel [11ms]
2024-10-14 20:35:41.132 [info] fatal: not a git repository (or any of the parent directories): .git
2024-10-14 20:35:41.132 [info] > git rev-parse --show-toplevel [4ms]
2024-10-14 20:35:41.132 [info] fatal: not a git repository (or any of the parent directories): .git
2024-10-14 20:35:41.189 [info] > git rev-parse --show-toplevel [8ms]
2024-10-14 20:35:41.189 [info] fatal: not a git repository (or any of the parent directories): .git
2024-10-14 20:35:41.214 [info] > git rev-parse --show-toplevel [2ms]
2024-10-14 20:35:41.214 [info] fatal: not a git repository (or any of the parent directories): .git
2024-10-14 20:35:41.229 [info] > git rev-parse --show-toplevel [5ms]
2024-10-14 20:35:41.229 [info] fatal: not a git repository (or any of the parent directories): .git
2024-10-14 20:35:41.249 [info] > git rev-parse --show-toplevel [1ms]
2024-10-14 20:35:41.249 [info] fatal: not a git repository (or any of the parent directories): .git
2024-10-14 20:35:41.266 [info] > git rev-parse --show-toplevel [1ms]
2024-10-14 20:35:41.266 [info] fatal: not a git repository (or any of the parent directories): .git
2024-10-14 20:35:41.289 [info] > git rev-parse --show-toplevel [3ms]
2024-10-14 20:35:41.289 [info] fatal: not a git repository (or any of the parent directories): .git
2024-10-14 20:35:41.315 [info] > git rev-parse --show-toplevel [11ms]
2024-10-14 20:35:41.315 [info] fatal: not a git repository (or any of the parent directories): .git
2024-10-14 20:35:41.325 [info] > git rev-parse --show-toplevel [3ms]
2024-10-14 20:35:41.325 [info] fatal: not a git repository (or any of the parent directories): .git
2024-10-14 20:35:41.338 [info] > git rev-parse --show-toplevel [3ms]
2024-10-14 20:35:41.339 [info] fatal: not a git repository (or any of the parent directories): .git
2024-10-14 20:35:41.355 [info] > git rev-parse --show-toplevel [7ms]
2024-10-14 20:35:41.355 [info] fatal: not a git repository (or any of the parent directories): .git
2024-10-14 20:35:41.372 [info] > git rev-parse --show-toplevel [2ms]
2024-10-14 20:35:41.372 [info] fatal: not a git repository (or any of the parent directories): .git
2024-10-14 20:35:41.395 [info] > git rev-parse --show-toplevel [14ms]
2024-10-14 20:35:41.395 [info] fatal: not a git repository (or any of the parent directories): .git
2024-10-14 20:35:41.419 [info] > git rev-parse --show-toplevel [17ms]
2024-10-14 20:35:41.419 [info] fatal: not a git repository (or any of the parent directories): .git
2024-10-14 20:35:41.433 [info] > git rev-parse --show-toplevel [1ms]
2024-10-14 20:35:41.433 [info] fatal: not a git repository (or any of the parent directories): .git
2024-10-14 20:35:41.446 [info] > git rev-parse --show-toplevel [2ms]
2024-10-14 20:35:41.446 [info] fatal: not a git repository (or any of the parent directories): .git
2024-10-14 20:35:41.462 [info] > git rev-parse --show-toplevel [4ms]
2024-10-14 20:35:41.462 [info] fatal: not a git repository (or any of the parent directories): .git
2024-10-14 20:35:41.473 [info] > git rev-parse --show-toplevel [2ms]
2024-10-14 20:35:41.473 [info] fatal: not a git repository (or any of the parent directories): .git
2024-10-14 20:35:41.488 [info] > git rev-parse --show-toplevel [4ms]
2024-10-14 20:35:41.488 [info] fatal: not a git repository (or any of the parent directories): .git
2024-10-14 20:35:41.499 [info] > git rev-parse --show-toplevel [2ms]
2024-10-14 20:35:41.499 [info] fatal: not a git repository (or any of the parent directories): .git
2024-10-14 20:35:41.512 [info] > git rev-parse --show-toplevel [1ms]
2024-10-14 20:35:41.512 [info] fatal: not a git repository (or any of the parent directories): .git
2024-10-14 20:35:41.531 [info] > git rev-parse --show-toplevel [10ms]
2024-10-14 20:35:41.531 [info] fatal: not a git repository (or any of the parent directories): .git
2024-10-14 20:35:41.551 [info] > git rev-parse --show-toplevel [1ms]
2024-10-14 20:35:41.551 [info] fatal: not a git repository (or any of the parent directories): .git
2024-10-14 20:35:41.565 [info] > git rev-parse --show-toplevel [4ms]
2024-10-14 20:35:41.565 [info] fatal: not a git repository (or any of the parent directories): .git
2024-10-14 20:35:41.576 [info] > git rev-parse --show-toplevel [1ms]
2024-10-14 20:35:41.576 [info] fatal: not a git repository (or any of the parent directories): .git
2024-10-14 20:35:41.589 [info] > git rev-parse --show-toplevel [1ms]
2024-10-14 20:35:41.589 [info] fatal: not a git repository (or any of the parent directories): .git
2024-10-14 20:35:41.597 [info] > git rev-parse --show-toplevel [1ms]
2024-10-14 20:35:41.597 [info] fatal: not a git repository (or any of the parent directories): .git
2024-10-14 20:35:41.610 [info] > git rev-parse --show-toplevel [2ms]
2024-10-14 20:35:41.610 [info] fatal: not a git repository (or any of the parent directories): .git
2024-10-14 20:35:41.618 [info] > git rev-parse --show-toplevel [0ms]
2024-10-14 20:35:41.619 [info] fatal: not a git repository (or any of the parent directories): .git
2024-10-14 20:35:41.629 [info] > git rev-parse --show-toplevel [3ms]
2024-10-14 20:35:41.629 [info] fatal: not a git repository (or any of the parent directories): .git
2024-10-14 20:35:41.642 [info] > git rev-parse --show-toplevel [1ms]
2024-10-14 20:35:41.642 [info] fatal: not a git repository (or any of the parent directories): .git
2024-10-14 20:35:41.657 [info] > git rev-parse --show-toplevel [1ms]
2024-10-14 20:35:41.657 [info] fatal: not a git repository (or any of the parent directories): .git
2024-10-14 20:35:41.660 [info] [Model][doInitialScan] Initial repository scan completed - repositories (0), closed repositories (0), parent repositories (0), unsafe repositories (0)
2024-10-14 20:35:41.997 [info] > git rev-parse --show-toplevel [3ms]
2024-10-14 20:35:41.997 [info] fatal: not a git repository (or any of the parent directories): .git
2024-10-14 20:35:42.280 [info] > git rev-parse --show-toplevel [1ms]
2024-10-14 20:35:42.280 [info] fatal: not a git repository (or any of the parent directories): .git
2024-10-14 20:35:42.412 [info] > git rev-parse --show-toplevel [0ms]
2024-10-14 20:35:42.412 [info] fatal: not a git repository (or any of the parent directories): .git
2024-10-14 20:35:42.875 [info] > git rev-parse --show-toplevel [0ms]
2024-10-14 20:35:42.876 [info] fatal: not a git repository (or any of the parent directories): .git
2024-10-14 20:37:21.187 [info] > git rev-parse --show-toplevel [4ms]
2024-10-14 20:37:21.187 [info] fatal: not a git repository (or any of the parent directories): .git
2024-10-14 20:53:14.760 [info] > git rev-parse --show-toplevel [2ms]
2024-10-14 20:53:14.768 [info] > git rev-parse --git-dir --git-common-dir [1ms]
2024-10-14 20:53:14.774 [info] [Model][openRepository] Opened repository: /home/martin/.cache/yay/hyprland-git
2024-10-14 20:53:14.784 [info] > git config --get commit.template [4ms]
2024-10-14 20:53:14.784 [info] > git rev-parse --show-toplevel [1ms]
2024-10-14 20:53:14.794 [info] > git for-each-ref --format=%(refname)%00%(upstream:short)%00%(objectname)%00%(upstream:track)%00%(upstream:remotename)%00%(upstream:remoteref) refs/heads/master refs/remotes/master [5ms]
2024-10-14 20:53:14.795 [info] > git rev-parse --git-dir --git-common-dir [2ms]
2024-10-14 20:53:14.797 [info] [Model][openRepository] Opened repository: /home/martin/.cache/yay/xdg-desktop-portal-hyprland-git
2024-10-14 20:53:14.807 [info] > git rev-parse --show-toplevel [1ms]
2024-10-14 20:53:14.807 [info] > git config --get commit.template [5ms]
2024-10-14 20:53:14.825 [info] > git status -z -uall [13ms]
2024-10-14 20:53:14.826 [info] > git for-each-ref --sort -committerdate --format %(refname) %(objectname) %(*objectname) [9ms]
2024-10-14 20:53:14.840 [info] > git for-each-ref --format=%(refname)%00%(upstream:short)%00%(objectname)%00%(upstream:track)%00%(upstream:remotename)%00%(upstream:remoteref) refs/heads/master refs/remotes/master [7ms]
2024-10-14 20:53:14.845 [info] > git for-each-ref --format=%(refname)%00%(upstream:short)%00%(objectname)%00%(upstream:track)%00%(upstream:remotename)%00%(upstream:remoteref) refs/heads/master refs/remotes/master [19ms]
2024-10-14 20:53:14.845 [info] > git rev-parse --git-dir --git-common-dir [24ms]
2024-10-14 20:53:14.847 [info] [Model][openRepository] Opened repository: /home/martin/.cache/yay/mission-center
2024-10-14 20:53:14.853 [info] > git config --local branch.master.vscode-merge-base [9ms]
2024-10-14 20:53:14.853 [warning] [Git][config] git config failed: Failed to execute git
2024-10-14 20:53:14.858 [info] > git config --get commit.template [17ms]
2024-10-14 20:53:14.862 [info] > git reflog master --grep-reflog=branch: Created from *. [5ms]
2024-10-14 20:53:14.867 [info] > git config --get commit.template [14ms]
2024-10-14 20:53:14.873 [info] > git symbolic-ref --short refs/remotes/origin/HEAD [6ms]
2024-10-14 20:53:14.891 [info] > git status -z -uall [9ms]
2024-10-14 20:53:14.891 [info] > git for-each-ref --format=%(refname)%00%(upstream:short)%00%(objectname)%00%(upstream:track)%00%(upstream:remotename)%00%(upstream:remoteref) refs/heads/origin/master refs/remotes/origin/master [14ms]
2024-10-14 20:53:14.897 [info] > git for-each-ref --format=%(refname)%00%(upstream:short)%00%(objectname)%00%(upstream:track)%00%(upstream:remotename)%00%(upstream:remoteref) refs/heads/master refs/remotes/master [26ms]
2024-10-14 20:53:14.898 [info] > git for-each-ref --format=%(refname)%00%(upstream:short)%00%(objectname)%00%(upstream:track)%00%(upstream:remotename)%00%(upstream:remoteref) refs/heads/master refs/remotes/master [7ms]
2024-10-14 20:53:14.898 [info] > git for-each-ref --sort -committerdate --format %(refname) %(objectname) %(*objectname) [11ms]
2024-10-14 20:53:14.911 [info] > git for-each-ref --format=%(refname)%00%(upstream:short)%00%(objectname)%00%(upstream:track)%00%(upstream:remotename)%00%(upstream:remoteref) refs/heads/master refs/remotes/master [7ms]
2024-10-14 20:53:14.916 [info] > git config --local branch.master.vscode-merge-base origin/master [20ms]
2024-10-14 20:53:14.924 [info] > git config --local branch.master.vscode-merge-base [7ms]
2024-10-14 20:53:14.924 [warning] [Git][config] git config failed: Failed to execute git
2024-10-14 20:53:14.929 [info] > git config --get commit.template [17ms]
2024-10-14 20:53:14.935 [info] > git config --get commit.template [13ms]
2024-10-14 20:53:14.947 [info] > git status -z -uall [8ms]
2024-10-14 20:53:14.948 [info] > git for-each-ref --format=%(refname)%00%(upstream:short)%00%(objectname)%00%(upstream:track)%00%(upstream:remotename)%00%(upstream:remoteref) refs/heads/master refs/remotes/master [14ms]
2024-10-14 20:53:14.952 [info] > git reflog master --grep-reflog=branch: Created from *. [24ms]
2024-10-14 20:53:14.961 [info] > git symbolic-ref --short refs/remotes/origin/HEAD [6ms]
2024-10-14 20:53:14.965 [info] > git config --local branch.master.vscode-merge-base [13ms]
2024-10-14 20:53:14.970 [info] > git for-each-ref --format=%(refname)%00%(upstream:short)%00%(objectname)%00%(upstream:track)%00%(upstream:remotename)%00%(upstream:remoteref) refs/heads/master refs/remotes/master [23ms]
2024-10-14 20:53:14.970 [info] > git for-each-ref --sort -committerdate --format %(refname) %(objectname) %(*objectname) [26ms]
2024-10-14 20:53:14.983 [info] > git for-each-ref --format=%(refname)%00%(upstream:short)%00%(objectname)%00%(upstream:track)%00%(upstream:remotename)%00%(upstream:remoteref) refs/heads/master refs/remotes/master [7ms]
2024-10-14 20:53:14.987 [info] > git for-each-ref --format=%(refname)%00%(upstream:short)%00%(objectname)%00%(upstream:track)%00%(upstream:remotename)%00%(upstream:remoteref) refs/heads/origin/master refs/remotes/origin/master [17ms]
2024-10-14 20:53:14.993 [info] > git for-each-ref --format=%(refname)%00%(upstream:short)%00%(objectname)%00%(upstream:track)%00%(upstream:remotename)%00%(upstream:remoteref) refs/heads/origin/master refs/remotes/origin/master [28ms]
2024-10-14 20:53:14.998 [info] > git for-each-ref --format=%(refname)%00%(upstream:short)%00%(objectname)%00%(upstream:track)%00%(upstream:remotename)%00%(upstream:remoteref) refs/heads/master refs/remotes/master [38ms]
2024-10-14 20:53:14.999 [info] > git merge-base refs/heads/master refs/remotes/origin/master [6ms]
2024-10-14 20:53:15.003 [info] > git config --local branch.master.vscode-merge-base [16ms]
2024-10-14 20:53:15.003 [warning] [Git][config] git config failed: Failed to execute git
2024-10-14 20:53:15.006 [info] > git config --get commit.template [24ms]
2024-10-14 20:53:15.007 [info] > git diff --name-status -z --diff-filter=ADMR 83b8ee5144ee05382121ca7bdaa1d8f6da52f35c...refs/remotes/origin/master [5ms]
2024-10-14 20:53:15.007 [info] > git config --local branch.master.vscode-merge-base origin/master [10ms]
2024-10-14 20:53:15.021 [info] > git reflog master --grep-reflog=branch: Created from *. [15ms]
2024-10-14 20:53:15.034 [info] > git status -z -uall [4ms]
2024-10-14 20:53:15.034 [info] > git symbolic-ref --short refs/remotes/origin/HEAD [9ms]
2024-10-14 20:53:15.038 [info] > git config --get commit.template [17ms]
2024-10-14 20:53:15.038 [info] > git for-each-ref --format=%(refname)%00%(upstream:short)%00%(objectname)%00%(upstream:track)%00%(upstream:remotename)%00%(upstream:remoteref) refs/heads/master refs/remotes/master [22ms]
2024-10-14 20:53:15.038 [info] > git for-each-ref --format=%(refname)%00%(upstream:short)%00%(objectname)%00%(upstream:track)%00%(upstream:remotename)%00%(upstream:remoteref) refs/heads/master refs/remotes/master [25ms]
2024-10-14 20:53:15.043 [info] > git for-each-ref --format=%(refname)%00%(upstream:short)%00%(objectname)%00%(upstream:track)%00%(upstream:remotename)%00%(upstream:remoteref) refs/heads/origin/master refs/remotes/origin/master [5ms]
2024-10-14 20:53:15.047 [info] > git for-each-ref --sort -committerdate --format %(refname) %(objectname) %(*objectname) [13ms]
2024-10-14 20:53:15.055 [info] > git config --local branch.master.vscode-merge-base origin/master [8ms]
2024-10-14 20:53:15.055 [info] > git config --local branch.master.vscode-merge-base [13ms]
2024-10-14 20:53:15.064 [info] > git for-each-ref --format=%(refname)%00%(upstream:short)%00%(objectname)%00%(upstream:track)%00%(upstream:remotename)%00%(upstream:remoteref) refs/heads/origin/master refs/remotes/origin/master [5ms]
2024-10-14 20:53:15.068 [info] > git for-each-ref --format=%(refname)%00%(upstream:short)%00%(objectname)%00%(upstream:track)%00%(upstream:remotename)%00%(upstream:remoteref) refs/heads/master refs/remotes/master [14ms]
2024-10-14 20:53:15.074 [info] > git config --get commit.template [10ms]
2024-10-14 20:53:15.074 [info] > git for-each-ref --format=%(refname)%00%(upstream:short)%00%(objectname)%00%(upstream:track)%00%(upstream:remotename)%00%(upstream:remoteref) refs/heads/master refs/remotes/master [1ms]
2024-10-14 20:53:15.079 [info] > git merge-base refs/heads/master refs/remotes/origin/master [11ms]
2024-10-14 20:53:15.088 [info] > git config --local branch.master.vscode-merge-base [9ms]
2024-10-14 20:53:15.101 [info] > git status -z -uall [5ms]
2024-10-14 20:53:15.101 [info] > git for-each-ref --format=%(refname)%00%(upstream:short)%00%(objectname)%00%(upstream:track)%00%(upstream:remotename)%00%(upstream:remoteref) refs/heads/master refs/remotes/master [13ms]
2024-10-14 20:53:15.101 [info] > git diff --name-status -z --diff-filter=ADMR 977a7b944a1154f5751719454e7ed59acf4ecd6e...refs/remotes/origin/master [17ms]
2024-10-14 20:53:15.102 [info] > git for-each-ref --format=%(refname)%00%(upstream:short)%00%(objectname)%00%(upstream:track)%00%(upstream:remotename)%00%(upstream:remoteref) refs/heads/origin/master refs/remotes/origin/master [10ms]
2024-10-14 20:53:15.106 [info] > git for-each-ref --sort -committerdate --format %(refname) %(objectname) %(*objectname) [5ms]
2024-10-14 20:53:15.108 [info] > git merge-base refs/heads/master refs/remotes/origin/master [2ms]
2024-10-14 20:53:15.120 [info] > git status -z -uall [4ms]
2024-10-14 20:53:15.121 [info] > git diff --name-status -z --diff-filter=ADMR b128cdd8f1f557f9d0324482565bbb9faf35c102...refs/remotes/origin/master [9ms]
2024-10-14 20:53:15.121 [info] > git for-each-ref --sort -committerdate --format %(refname) %(objectname) %(*objectname) [1ms]
2024-10-14 21:02:22.387 [info] > git config --get commit.template [5ms]
2024-10-14 21:02:22.387 [info] > git config --get commit.template [11ms]
2024-10-14 21:02:22.388 [info] > git config --get commit.template [2ms]
2024-10-14 21:02:22.401 [info] > git for-each-ref --format=%(refname)%00%(upstream:short)%00%(objectname)%00%(upstream:track)%00%(upstream:remotename)%00%(upstream:remoteref) refs/heads/master refs/remotes/master [4ms]
2024-10-14 21:02:22.401 [info] > git for-each-ref --format=%(refname)%00%(upstream:short)%00%(objectname)%00%(upstream:track)%00%(upstream:remotename)%00%(upstream:remoteref) refs/heads/master refs/remotes/master [9ms]
2024-10-14 21:02:22.420 [info] > git status -z -uall [14ms]
2024-10-14 21:02:22.420 [info] > git status -z -uall [6ms]
2024-10-14 21:02:22.420 [info] > git for-each-ref --format=%(refname)%00%(upstream:short)%00%(objectname)%00%(upstream:track)%00%(upstream:remotename)%00%(upstream:remoteref) refs/heads/master refs/remotes/master [20ms]
2024-10-14 21:02:22.422 [info] > git for-each-ref --sort -committerdate --format %(refname) %(objectname) %(*objectname) [4ms]
2024-10-14 21:02:22.424 [info] > git for-each-ref --sort -committerdate --format %(refname) %(objectname) %(*objectname) [14ms]
2024-10-14 21:02:22.436 [info] > git status -z -uall [6ms]
2024-10-14 21:02:22.437 [info] > git for-each-ref --sort -committerdate --format %(refname) %(objectname) %(*objectname) [2ms]
2024-10-14 21:08:42.458 [info] > git config --get commit.template [7ms]
2024-10-14 21:08:42.458 [info] > git config --get commit.template [15ms]
2024-10-14 21:08:42.458 [info] > git config --get commit.template [1ms]
2024-10-14 21:08:42.475 [info] > git for-each-ref --format=%(refname)%00%(upstream:short)%00%(objectname)%00%(upstream:track)%00%(upstream:remotename)%00%(upstream:remoteref) refs/heads/master refs/remotes/master [7ms]
2024-10-14 21:08:42.475 [info] > git for-each-ref --format=%(refname)%00%(upstream:short)%00%(objectname)%00%(upstream:track)%00%(upstream:remotename)%00%(upstream:remoteref) refs/heads/master refs/remotes/master [12ms]
2024-10-14 21:08:42.476 [info] > git for-each-ref --format=%(refname)%00%(upstream:short)%00%(objectname)%00%(upstream:track)%00%(upstream:remotename)%00%(upstream:remoteref) refs/heads/master refs/remotes/master [1ms]
2024-10-14 21:08:42.511 [info] > git status -z -uall [29ms]
2024-10-14 21:08:42.511 [info] > git status -z -uall [18ms]
2024-10-14 21:08:42.511 [info] > git status -z -uall [6ms]
2024-10-14 21:08:42.511 [info] > git for-each-ref --sort -committerdate --format %(refname) %(objectname) %(*objectname) [23ms]
2024-10-14 21:08:42.513 [info] > git for-each-ref --sort -committerdate --format %(refname) %(objectname) %(*objectname) [2ms]
2024-10-14 21:08:42.513 [info] > git for-each-ref --sort -committerdate --format %(refname) %(objectname) %(*objectname) [15ms]
2024-10-14 21:12:37.729 [info] > git rev-parse --show-toplevel [1ms]
2024-10-14 21:12:37.735 [info] > git rev-parse --git-dir --git-common-dir [1ms]
2024-10-14 21:12:37.738 [info] [Model][openRepository] Opened repository: /home/martin/.cache/yay/impression
2024-10-14 21:12:37.749 [info] > git config --get commit.template [6ms]
2024-10-14 21:12:37.750 [info] > git for-each-ref --format=%(refname)%00%(upstream:short)%00%(objectname)%00%(upstream:track)%00%(upstream:remotename)%00%(upstream:remoteref) refs/heads/master refs/remotes/master [2ms]
2024-10-14 21:12:37.755 [warning] [Git][revParse] Unable to read file: ENOENT: no such file or directory, open '/home/martin/.cache/yay/impression/.git/refs/remotes/origin/master'
2024-10-14 21:12:37.756 [info] > git rev-parse refs/remotes/origin/master [1ms]
2024-10-14 21:12:37.766 [info] > git status -z -uall [5ms]
2024-10-14 21:12:37.768 [info] > git for-each-ref --sort -committerdate --format %(refname) %(objectname) %(*objectname) [3ms]
2024-10-14 21:12:37.781 [info] > git for-each-ref --format=%(refname)%00%(upstream:short)%00%(objectname)%00%(upstream:track)%00%(upstream:remotename)%00%(upstream:remoteref) refs/heads/master refs/remotes/master [7ms]
2024-10-14 21:12:37.788 [info] > git config --local branch.master.vscode-merge-base [2ms]
2024-10-14 21:12:37.788 [warning] [Git][config] git config failed: Failed to execute git
2024-10-14 21:12:37.792 [info] > git config --get commit.template [11ms]
2024-10-14 21:12:37.796 [info] > git reflog master --grep-reflog=branch: Created from *. [4ms]
2024-10-14 21:12:37.800 [info] > git for-each-ref --format=%(refname)%00%(upstream:short)%00%(objectname)%00%(upstream:track)%00%(upstream:remotename)%00%(upstream:remoteref) refs/heads/master refs/remotes/master [5ms]
2024-10-14 21:12:37.804 [warning] [Git][revParse] Unable to read file: ENOENT: no such file or directory, open '/home/martin/.cache/yay/impression/.git/refs/remotes/origin/master'
2024-10-14 21:12:37.804 [info] > git symbolic-ref --short refs/remotes/origin/HEAD [5ms]
2024-10-14 21:12:37.808 [info] > git rev-parse refs/remotes/origin/master [5ms]
2024-10-14 21:12:37.817 [info] > git status -z -uall [5ms]
2024-10-14 21:12:37.817 [info] > git for-each-ref --format=%(refname)%00%(upstream:short)%00%(objectname)%00%(upstream:track)%00%(upstream:remotename)%00%(upstream:remoteref) refs/heads/origin/master refs/remotes/origin/master [9ms]
2024-10-14 21:12:37.822 [info] > git for-each-ref --sort -committerdate --format %(refname) %(objectname) %(*objectname) [6ms]
2024-10-14 21:12:37.827 [info] > git config --local branch.master.vscode-merge-base origin/master [6ms]
2024-10-14 21:12:37.832 [info] > git for-each-ref --format=%(refname)%00%(upstream:short)%00%(objectname)%00%(upstream:track)%00%(upstream:remotename)%00%(upstream:remoteref) refs/heads/master refs/remotes/master [5ms]
2024-10-14 21:12:37.838 [info] > git config --get commit.template [6ms]
2024-10-14 21:12:37.839 [info] > git config --local branch.master.vscode-merge-base [2ms]
2024-10-14 21:12:37.848 [info] > git for-each-ref --format=%(refname)%00%(upstream:short)%00%(objectname)%00%(upstream:track)%00%(upstream:remotename)%00%(upstream:remoteref) refs/heads/origin/master refs/remotes/origin/master [5ms]
2024-10-14 21:12:37.854 [info] > git for-each-ref --format=%(refname)%00%(upstream:short)%00%(objectname)%00%(upstream:track)%00%(upstream:remotename)%00%(upstream:remoteref) refs/heads/master refs/remotes/master [6ms]
2024-10-14 21:12:37.859 [warning] [Git][revParse] Unable to read file: ENOENT: no such file or directory, open '/home/martin/.cache/yay/impression/.git/refs/remotes/origin/master'
2024-10-14 21:12:37.859 [info] > git merge-base refs/heads/master refs/remotes/origin/master [5ms]
2024-10-14 21:12:37.864 [info] > git rev-parse refs/remotes/origin/master [5ms]
2024-10-14 21:12:37.872 [info] > git status -z -uall [4ms]
2024-10-14 21:12:37.872 [info] > git diff --name-status -z --diff-filter=ADMR 0b10fc068563c504380d1e4b34f75380fccdc527...refs/remotes/origin/master [8ms]
2024-10-14 21:12:37.873 [info] > git for-each-ref --sort -committerdate --format %(refname) %(objectname) %(*objectname) [2ms]
2024-10-14 21:12:43.232 [info] > git rev-parse --show-toplevel [0ms]
2024-10-14 21:12:43.232 [info] fatal: not a git repository (or any of the parent directories): .git
2024-10-14 21:12:43.237 [info] > git rev-parse --show-toplevel [0ms]
2024-10-14 21:12:43.237 [info] fatal: not a git repository (or any of the parent directories): .git
2024-10-14 21:12:43.242 [info] > git rev-parse --show-toplevel [1ms]
2024-10-14 21:12:43.242 [info] fatal: not a git repository (or any of the parent directories): .git
2024-10-14 21:12:43.247 [info] > git rev-parse --show-toplevel [0ms]
2024-10-14 21:12:43.247 [info] fatal: not a git repository (or any of the parent directories): .git
2024-10-14 21:21:56.695 [info] > git config --get commit.template [11ms]
2024-10-14 21:21:56.696 [info] > git for-each-ref --format=%(refname)%00%(upstream:short)%00%(objectname)%00%(upstream:track)%00%(upstream:remotename)%00%(upstream:remoteref) refs/heads/master refs/remotes/master [2ms]
2024-10-14 21:21:56.705 [warning] [Git][revParse] Unable to read file: ENOENT: no such file or directory, open '/home/martin/.cache/yay/impression/.git/refs/remotes/origin/master'
2024-10-14 21:21:56.707 [info] > git rev-parse refs/remotes/origin/master [2ms]
2024-10-14 21:21:56.723 [info] > git status -z -uall [10ms]
2024-10-14 21:21:56.724 [info] > git for-each-ref --sort -committerdate --format %(refname) %(objectname) %(*objectname) [2ms]
2024-10-14 21:59:05.117 [info] > git config --get commit.template [6ms]
2024-10-14 21:59:05.120 [info] > git for-each-ref --format=%(refname)%00%(upstream:short)%00%(objectname)%00%(upstream:track)%00%(upstream:remotename)%00%(upstream:remoteref) refs/heads/master refs/remotes/master [4ms]
2024-10-14 21:59:05.125 [warning] [Git][revParse] Unable to read file: ENOENT: no such file or directory, open '/home/martin/.cache/yay/impression/.git/refs/remotes/origin/master'
2024-10-14 21:59:05.126 [info] > git rev-parse refs/remotes/origin/master [1ms]
2024-10-14 21:59:05.135 [info] > git status -z -uall [5ms]
2024-10-14 21:59:05.136 [info] > git for-each-ref --sort -committerdate --format %(refname) %(objectname) %(*objectname) [2ms]
