2024-10-13 14:25:21.319 [info] [main] Log level: Info
2024-10-13 14:25:21.319 [info] [main] Validating found git in: "git"
2024-10-13 14:25:21.319 [info] [main] Using git "2.47.0" from "git"
2024-10-13 14:25:21.319 [info] [Model][doInitialScan] Initial repository scan started
2024-10-13 14:25:21.319 [info] > git rev-parse --show-toplevel [18ms]
2024-10-13 14:25:21.319 [info] fatal: not a git repository (or any of the parent directories): .git
2024-10-13 14:25:21.319 [info] > git rev-parse --show-toplevel [1ms]
2024-10-13 14:25:21.319 [info] fatal: not a git repository (or any of the parent directories): .git
2024-10-13 14:25:21.322 [info] > git rev-parse --show-toplevel [29ms]
2024-10-13 14:25:21.322 [info] fatal: not a git repository (or any of the parent directories): .git
2024-10-13 14:25:21.351 [info] > git rev-parse --show-toplevel [1ms]
2024-10-13 14:25:21.352 [info] fatal: not a git repository (or any of the parent directories): .git
2024-10-13 14:25:21.357 [info] > git rev-parse --show-toplevel [0ms]
2024-10-13 14:25:21.358 [info] fatal: not a git repository (or any of the parent directories): .git
2024-10-13 14:25:21.364 [info] > git rev-parse --show-toplevel [1ms]
2024-10-13 14:25:21.364 [info] fatal: not a git repository (or any of the parent directories): .git
2024-10-13 14:25:21.369 [info] > git rev-parse --show-toplevel [0ms]
2024-10-13 14:25:21.369 [info] fatal: not a git repository (or any of the parent directories): .git
2024-10-13 14:25:21.377 [info] > git rev-parse --show-toplevel [4ms]
2024-10-13 14:25:21.377 [info] fatal: not a git repository (or any of the parent directories): .git
2024-10-13 14:25:21.383 [info] > git rev-parse --show-toplevel [0ms]
2024-10-13 14:25:21.383 [info] fatal: not a git repository (or any of the parent directories): .git
2024-10-13 14:25:21.389 [info] > git rev-parse --show-toplevel [2ms]
2024-10-13 14:25:21.389 [info] fatal: not a git repository (or any of the parent directories): .git
2024-10-13 14:25:21.395 [info] > git rev-parse --show-toplevel [1ms]
2024-10-13 14:25:21.395 [info] fatal: not a git repository (or any of the parent directories): .git
2024-10-13 14:25:21.401 [info] > git rev-parse --show-toplevel [1ms]
2024-10-13 14:25:21.401 [info] fatal: not a git repository (or any of the parent directories): .git
2024-10-13 14:25:21.406 [info] > git rev-parse --show-toplevel [1ms]
2024-10-13 14:25:21.406 [info] fatal: not a git repository (or any of the parent directories): .git
2024-10-13 14:25:21.411 [info] > git rev-parse --show-toplevel [1ms]
2024-10-13 14:25:21.411 [info] fatal: not a git repository (or any of the parent directories): .git
2024-10-13 14:25:21.419 [info] > git rev-parse --show-toplevel [1ms]
2024-10-13 14:25:21.419 [info] fatal: not a git repository (or any of the parent directories): .git
2024-10-13 14:25:21.425 [info] > git rev-parse --show-toplevel [2ms]
2024-10-13 14:25:21.425 [info] fatal: not a git repository (or any of the parent directories): .git
2024-10-13 14:25:21.438 [info] > git rev-parse --show-toplevel [1ms]
2024-10-13 14:25:21.438 [info] fatal: not a git repository (or any of the parent directories): .git
2024-10-13 14:25:21.449 [info] > git rev-parse --show-toplevel [1ms]
2024-10-13 14:25:21.449 [info] fatal: not a git repository (or any of the parent directories): .git
2024-10-13 14:25:21.462 [info] > git rev-parse --show-toplevel [4ms]
2024-10-13 14:25:21.462 [info] fatal: not a git repository (or any of the parent directories): .git
2024-10-13 14:25:21.472 [info] > git rev-parse --show-toplevel [5ms]
2024-10-13 14:25:21.472 [info] fatal: not a git repository (or any of the parent directories): .git
2024-10-13 14:25:21.484 [info] > git rev-parse --show-toplevel [1ms]
2024-10-13 14:25:21.484 [info] fatal: not a git repository (or any of the parent directories): .git
2024-10-13 14:25:21.491 [info] > git rev-parse --show-toplevel [1ms]
2024-10-13 14:25:21.491 [info] fatal: not a git repository (or any of the parent directories): .git
2024-10-13 14:25:21.501 [info] > git rev-parse --show-toplevel [0ms]
2024-10-13 14:25:21.501 [info] fatal: not a git repository (or any of the parent directories): .git
2024-10-13 14:25:21.512 [info] > git rev-parse --show-toplevel [0ms]
2024-10-13 14:25:21.512 [info] fatal: not a git repository (or any of the parent directories): .git
2024-10-13 14:25:21.522 [info] > git rev-parse --show-toplevel [2ms]
2024-10-13 14:25:21.522 [info] fatal: not a git repository (or any of the parent directories): .git
2024-10-13 14:25:21.532 [info] > git rev-parse --show-toplevel [0ms]
2024-10-13 14:25:21.532 [info] fatal: not a git repository (or any of the parent directories): .git
2024-10-13 14:25:21.545 [info] > git rev-parse --show-toplevel [1ms]
2024-10-13 14:25:21.545 [info] fatal: not a git repository (or any of the parent directories): .git
2024-10-13 14:25:21.547 [info] [Model][doInitialScan] Initial repository scan completed - repositories (0), closed repositories (0), parent repositories (0), unsafe repositories (0)
2024-10-13 14:25:21.635 [info] > git rev-parse --show-toplevel [0ms]
2024-10-13 14:25:21.635 [info] fatal: not a git repository (or any of the parent directories): .git
2024-10-13 14:25:21.792 [info] > git rev-parse --show-toplevel [0ms]
2024-10-13 14:25:21.792 [info] fatal: not a git repository (or any of the parent directories): .git
2024-10-13 14:25:21.872 [info] > git rev-parse --show-toplevel [0ms]
2024-10-13 14:25:21.872 [info] fatal: not a git repository (or any of the parent directories): .git
2024-10-13 14:25:22.889 [info] > git rev-parse --show-toplevel [2ms]
2024-10-13 14:25:22.889 [info] fatal: not a git repository (or any of the parent directories): .git
2024-10-13 15:24:19.859 [info] > git rev-parse --show-toplevel [1ms]
2024-10-13 15:24:19.867 [info] > git rev-parse --git-dir --git-common-dir [1ms]
2024-10-13 15:24:19.876 [info] [Model][openRepository] Opened repository: /home/martin/.cache/yay/clipse
2024-10-13 15:24:19.886 [info] > git config --get commit.template [5ms]
2024-10-13 15:24:19.887 [info] > git for-each-ref --format=%(refname)%00%(upstream:short)%00%(objectname)%00%(upstream:track)%00%(upstream:remotename)%00%(upstream:remoteref) refs/heads/master refs/remotes/master [1ms]
2024-10-13 15:24:19.897 [info] > git status -z -uall [6ms]
2024-10-13 15:24:19.899 [info] > git for-each-ref --sort -committerdate --format %(refname) %(objectname) %(*objectname) [3ms]
2024-10-13 15:24:19.913 [info] > git for-each-ref --format=%(refname)%00%(upstream:short)%00%(objectname)%00%(upstream:track)%00%(upstream:remotename)%00%(upstream:remoteref) refs/heads/master refs/remotes/master [7ms]
2024-10-13 15:24:19.920 [info] > git config --local branch.master.vscode-merge-base [3ms]
2024-10-13 15:24:19.920 [warning] [Git][config] git config failed: Failed to execute git
2024-10-13 15:24:19.924 [info] > git config --get commit.template [12ms]
2024-10-13 15:24:19.930 [info] > git for-each-ref --format=%(refname)%00%(upstream:short)%00%(objectname)%00%(upstream:track)%00%(upstream:remotename)%00%(upstream:remoteref) refs/heads/master refs/remotes/master [1ms]
2024-10-13 15:24:19.937 [info] > git status -z -uall [4ms]
2024-10-13 15:24:19.938 [info] > git reflog master --grep-reflog=branch: Created from *. [14ms]
2024-10-13 15:24:19.942 [info] > git for-each-ref --sort -committerdate --format %(refname) %(objectname) %(*objectname) [4ms]
2024-10-13 15:24:19.947 [info] > git symbolic-ref --short refs/remotes/origin/HEAD [6ms]
2024-10-13 15:24:19.953 [info] > git for-each-ref --format=%(refname)%00%(upstream:short)%00%(objectname)%00%(upstream:track)%00%(upstream:remotename)%00%(upstream:remoteref) refs/heads/master refs/remotes/master [6ms]
2024-10-13 15:24:19.957 [info] > git for-each-ref --format=%(refname)%00%(upstream:short)%00%(objectname)%00%(upstream:track)%00%(upstream:remotename)%00%(upstream:remoteref) refs/heads/origin/master refs/remotes/origin/master [6ms]
2024-10-13 15:24:19.962 [info] > git config --local branch.master.vscode-merge-base [5ms]
2024-10-13 15:24:19.962 [warning] [Git][config] git config failed: Failed to execute git
2024-10-13 15:24:19.966 [info] > git config --local branch.master.vscode-merge-base origin/master [5ms]
2024-10-13 15:24:19.977 [info] > git config --get commit.template [7ms]
2024-10-13 15:24:19.977 [info] > git reflog master --grep-reflog=branch: Created from *. [12ms]
2024-10-13 15:24:19.985 [info] > git symbolic-ref --short refs/remotes/origin/HEAD [4ms]
2024-10-13 15:24:19.990 [info] > git for-each-ref --format=%(refname)%00%(upstream:short)%00%(objectname)%00%(upstream:track)%00%(upstream:remotename)%00%(upstream:remoteref) refs/heads/master refs/remotes/master [5ms]
2024-10-13 15:24:19.991 [info] > git for-each-ref --format=%(refname)%00%(upstream:short)%00%(objectname)%00%(upstream:track)%00%(upstream:remotename)%00%(upstream:remoteref) refs/heads/origin/master refs/remotes/origin/master [1ms]
2024-10-13 15:24:20.004 [info] > git status -z -uall [4ms]
2024-10-13 15:24:20.004 [info] > git config --local branch.master.vscode-merge-base origin/master [9ms]
2024-10-13 15:24:20.005 [info] > git for-each-ref --sort -committerdate --format %(refname) %(objectname) %(*objectname) [2ms] (cancelled)
2024-10-13 15:24:20.021 [info] > git for-each-ref --format=%(refname)%00%(upstream:short)%00%(objectname)%00%(upstream:track)%00%(upstream:remotename)%00%(upstream:remoteref) refs/heads/master refs/remotes/master [11ms]
2024-10-13 15:24:20.026 [info] > git config --get commit.template [6ms]
2024-10-13 15:24:20.026 [info] > git merge-base refs/heads/master refs/remotes/origin/master [11ms]
2024-10-13 15:24:20.031 [info] > git config --local branch.master.vscode-merge-base [5ms]
2024-10-13 15:24:20.039 [info] > git diff --name-status -z --diff-filter=ADMR 23b570f5f1c8ff77793a9de891b94a02181c46e4...refs/remotes/origin/master [9ms]
2024-10-13 15:24:20.040 [info] > git for-each-ref --format=%(refname)%00%(upstream:short)%00%(objectname)%00%(upstream:track)%00%(upstream:remotename)%00%(upstream:remoteref) refs/heads/origin/master refs/remotes/origin/master [5ms]
2024-10-13 15:24:20.040 [info] > git for-each-ref --format=%(refname)%00%(upstream:short)%00%(objectname)%00%(upstream:track)%00%(upstream:remotename)%00%(upstream:remoteref) refs/heads/master refs/remotes/master [1ms]
2024-10-13 15:24:20.049 [info] > git status -z -uall [5ms]
2024-10-13 15:24:20.050 [info] > git for-each-ref --sort -committerdate --format %(refname) %(objectname) %(*objectname) [2ms]
2024-10-13 15:24:31.913 [info] > git config --get commit.template [7ms]
2024-10-13 15:24:31.914 [info] > git for-each-ref --format=%(refname)%00%(upstream:short)%00%(objectname)%00%(upstream:track)%00%(upstream:remotename)%00%(upstream:remoteref) refs/heads/master refs/remotes/master [1ms]
2024-10-13 15:24:31.924 [info] > git status -z -uall [4ms]
2024-10-13 15:24:31.925 [info] > git for-each-ref --sort -committerdate --format %(refname) %(objectname) %(*objectname) [1ms]
2024-10-13 15:26:29.405 [info] > git config --get commit.template [1ms]
2024-10-13 15:26:29.412 [info] > git for-each-ref --format=%(refname)%00%(upstream:short)%00%(objectname)%00%(upstream:track)%00%(upstream:remotename)%00%(upstream:remoteref) refs/heads/master refs/remotes/master [1ms]
2024-10-13 15:26:29.422 [info] > git status -z -uall [5ms]
2024-10-13 15:26:29.423 [info] > git for-each-ref --sort -committerdate --format %(refname) %(objectname) %(*objectname) [1ms]
2024-10-13 15:31:45.629 [info] > git config --get commit.template [10ms]
2024-10-13 15:31:45.635 [info] > git for-each-ref --format=%(refname)%00%(upstream:short)%00%(objectname)%00%(upstream:track)%00%(upstream:remotename)%00%(upstream:remoteref) refs/heads/master refs/remotes/master [7ms]
2024-10-13 15:31:45.649 [info] > git status -z -uall [7ms]
2024-10-13 15:31:45.649 [info] > git for-each-ref --sort -committerdate --format %(refname) %(objectname) %(*objectname) [1ms]
2024-10-13 15:34:37.697 [info] [main] Log level: Info
2024-10-13 15:34:37.697 [info] [main] Validating found git in: "git"
2024-10-13 15:34:37.697 [info] [main] Using git "2.47.0" from "git"
2024-10-13 15:34:37.697 [info] [Model][doInitialScan] Initial repository scan started
2024-10-13 15:34:37.697 [info] > git rev-parse --show-toplevel [21ms]
2024-10-13 15:34:37.697 [info] fatal: not a git repository (or any of the parent directories): .git
2024-10-13 15:34:37.717 [info] > git rev-parse --show-toplevel [7ms]
2024-10-13 15:34:37.717 [info] fatal: not a git repository (or any of the parent directories): .git
2024-10-13 15:34:37.737 [info] > git rev-parse --show-toplevel [0ms]
2024-10-13 15:34:37.737 [info] fatal: not a git repository (or any of the parent directories): .git
2024-10-13 15:34:37.747 [info] > git rev-parse --show-toplevel [1ms]
2024-10-13 15:34:37.747 [info] fatal: not a git repository (or any of the parent directories): .git
2024-10-13 15:34:37.753 [info] > git rev-parse --show-toplevel [1ms]
2024-10-13 15:34:37.753 [info] fatal: not a git repository (or any of the parent directories): .git
2024-10-13 15:34:37.759 [info] > git rev-parse --show-toplevel [2ms]
2024-10-13 15:34:37.759 [info] fatal: not a git repository (or any of the parent directories): .git
2024-10-13 15:34:37.770 [info] > git rev-parse --show-toplevel [0ms]
2024-10-13 15:34:37.771 [info] fatal: not a git repository (or any of the parent directories): .git
2024-10-13 15:34:37.779 [info] > git rev-parse --show-toplevel [0ms]
2024-10-13 15:34:37.781 [info] fatal: not a git repository (or any of the parent directories): .git
2024-10-13 15:34:37.788 [info] > git rev-parse --show-toplevel [0ms]
2024-10-13 15:34:37.789 [info] fatal: not a git repository (or any of the parent directories): .git
2024-10-13 15:34:37.798 [info] > git rev-parse --show-toplevel [4ms]
2024-10-13 15:34:37.798 [info] fatal: not a git repository (or any of the parent directories): .git
2024-10-13 15:34:37.803 [info] > git rev-parse --show-toplevel [0ms]
2024-10-13 15:34:37.803 [info] fatal: not a git repository (or any of the parent directories): .git
2024-10-13 15:34:37.814 [info] > git rev-parse --show-toplevel [1ms]
2024-10-13 15:34:37.814 [info] fatal: not a git repository (or any of the parent directories): .git
2024-10-13 15:34:37.824 [info] > git rev-parse --show-toplevel [1ms]
2024-10-13 15:34:37.824 [info] fatal: not a git repository (or any of the parent directories): .git
2024-10-13 15:34:37.838 [info] > git rev-parse --show-toplevel [1ms]
2024-10-13 15:34:37.838 [info] fatal: not a git repository (or any of the parent directories): .git
2024-10-13 15:34:37.848 [info] > git rev-parse --show-toplevel [0ms]
2024-10-13 15:34:37.848 [info] fatal: not a git repository (or any of the parent directories): .git
2024-10-13 15:34:37.855 [info] > git rev-parse --show-toplevel [2ms]
2024-10-13 15:34:37.855 [info] fatal: not a git repository (or any of the parent directories): .git
2024-10-13 15:34:37.871 [info] > git rev-parse --show-toplevel [10ms]
2024-10-13 15:34:37.874 [info] fatal: not a git repository (or any of the parent directories): .git
2024-10-13 15:34:37.882 [info] > git rev-parse --show-toplevel [3ms]
2024-10-13 15:34:37.882 [info] fatal: not a git repository (or any of the parent directories): .git
2024-10-13 15:34:37.892 [info] > git rev-parse --show-toplevel [1ms]
2024-10-13 15:34:37.898 [info] fatal: not a git repository (or any of the parent directories): .git
2024-10-13 15:34:37.904 [info] > git rev-parse --show-toplevel [1ms]
2024-10-13 15:34:37.904 [info] fatal: not a git repository (or any of the parent directories): .git
2024-10-13 15:34:37.915 [info] > git rev-parse --show-toplevel [1ms]
2024-10-13 15:34:37.915 [info] fatal: not a git repository (or any of the parent directories): .git
2024-10-13 15:34:37.932 [info] > git rev-parse --show-toplevel [1ms]
2024-10-13 15:34:37.932 [info] fatal: not a git repository (or any of the parent directories): .git
2024-10-13 15:34:37.942 [info] > git rev-parse --show-toplevel [1ms]
2024-10-13 15:34:37.942 [info] fatal: not a git repository (or any of the parent directories): .git
2024-10-13 15:34:37.955 [info] > git rev-parse --show-toplevel [0ms]
2024-10-13 15:34:37.955 [info] fatal: not a git repository (or any of the parent directories): .git
2024-10-13 15:34:37.965 [info] > git rev-parse --show-toplevel [1ms]
2024-10-13 15:34:37.968 [info] fatal: not a git repository (or any of the parent directories): .git
2024-10-13 15:34:37.978 [info] > git rev-parse --show-toplevel [0ms]
2024-10-13 15:34:37.981 [info] fatal: not a git repository (or any of the parent directories): .git
2024-10-13 15:34:37.984 [info] [Model][doInitialScan] Initial repository scan completed - repositories (0), closed repositories (0), parent repositories (0), unsafe repositories (0)
2024-10-13 15:37:34.911 [info] > git rev-parse --show-toplevel [2ms]
2024-10-13 15:37:34.911 [info] fatal: not a git repository (or any of the parent directories): .git
2024-10-13 15:37:40.454 [info] > git rev-parse --show-toplevel [2ms]
2024-10-13 15:37:40.454 [info] fatal: not a git repository (or any of the parent directories): .git
2024-10-13 15:37:41.914 [info] > git rev-parse --show-toplevel [1ms]
2024-10-13 15:37:41.915 [info] fatal: not a git repository (or any of the parent directories): .git
2024-10-13 15:41:31.672 [info] > git rev-parse --show-toplevel [2ms]
2024-10-13 15:41:31.672 [info] fatal: not a git repository (or any of the parent directories): .git
2024-10-13 15:41:36.059 [info] > git rev-parse --show-toplevel [1ms]
2024-10-13 15:41:36.060 [info] fatal: not a git repository (or any of the parent directories): .git
2024-10-13 15:50:35.971 [info] > git rev-parse --show-toplevel [2ms]
2024-10-13 15:50:35.971 [info] fatal: not a git repository (or any of the parent directories): .git
2024-10-13 15:50:50.795 [info] > git rev-parse --show-toplevel [0ms]
2024-10-13 15:50:50.795 [info] fatal: not a git repository (or any of the parent directories): .git
2024-10-13 15:51:56.897 [info] > git rev-parse --show-toplevel [2ms]
2024-10-13 15:51:56.897 [info] fatal: not a git repository (or any of the parent directories): .git
2024-10-13 15:52:12.208 [info] > git rev-parse --show-toplevel [2ms]
2024-10-13 15:52:12.208 [info] fatal: not a git repository (or any of the parent directories): .git
2024-10-13 15:52:37.808 [info] > git rev-parse --show-toplevel [1ms]
2024-10-13 15:52:37.808 [info] fatal: not a git repository (or any of the parent directories): .git
2024-10-13 15:56:03.413 [info] > git rev-parse --show-toplevel [1ms]
2024-10-13 15:56:03.413 [info] fatal: not a git repository (or any of the parent directories): .git
2024-10-13 15:57:14.134 [info] > git rev-parse --show-toplevel [1ms]
2024-10-13 15:57:14.134 [info] fatal: not a git repository (or any of the parent directories): .git
2024-10-13 15:59:54.992 [info] > git rev-parse --show-toplevel [1ms]
2024-10-13 15:59:54.992 [info] fatal: not a git repository (or any of the parent directories): .git
2024-10-13 16:00:57.856 [info] > git rev-parse --show-toplevel [2ms]
2024-10-13 16:00:57.856 [info] fatal: not a git repository (or any of the parent directories): .git
2024-10-13 16:00:58.461 [info] > git rev-parse --show-toplevel [2ms]
2024-10-13 16:00:58.461 [info] fatal: not a git repository (or any of the parent directories): .git
2024-10-13 16:01:04.852 [info] > git rev-parse --show-toplevel [1ms]
2024-10-13 16:01:04.852 [info] fatal: not a git repository (or any of the parent directories): .git
2024-10-13 16:01:05.591 [info] > git rev-parse --show-toplevel [1ms]
2024-10-13 16:01:05.591 [info] fatal: not a git repository (or any of the parent directories): .git
2024-10-13 16:01:12.667 [info] > git rev-parse --show-toplevel [2ms]
2024-10-13 16:01:12.667 [info] fatal: not a git repository (or any of the parent directories): .git
2024-10-13 16:02:01.653 [info] > git rev-parse --show-toplevel [1ms]
2024-10-13 16:02:01.653 [info] fatal: not a git repository (or any of the parent directories): .git
2024-10-13 16:02:07.600 [info] > git rev-parse --show-toplevel [1ms]
2024-10-13 16:02:07.600 [info] fatal: not a git repository (or any of the parent directories): .git
2024-10-13 16:02:24.690 [info] > git rev-parse --show-toplevel [1ms]
2024-10-13 16:02:24.691 [info] fatal: not a git repository (or any of the parent directories): .git
2024-10-13 16:02:54.767 [info] > git rev-parse --show-toplevel [2ms]
2024-10-13 16:02:54.767 [info] fatal: not a git repository (or any of the parent directories): .git
2024-10-13 16:02:55.392 [info] > git rev-parse --show-toplevel [2ms]
2024-10-13 16:02:55.392 [info] fatal: not a git repository (or any of the parent directories): .git
2024-10-13 16:02:57.620 [info] > git rev-parse --show-toplevel [1ms]
2024-10-13 16:02:57.620 [info] fatal: not a git repository (or any of the parent directories): .git
2024-10-13 16:03:54.300 [info] > git rev-parse --show-toplevel [1ms]
2024-10-13 16:03:54.300 [info] fatal: not a git repository (or any of the parent directories): .git
2024-10-13 16:04:46.151 [info] > git rev-parse --show-toplevel [4ms]
2024-10-13 16:04:46.151 [info] fatal: not a git repository (or any of the parent directories): .git
2024-10-13 16:04:46.773 [warning] [Model][getRepositoryExact] Failed to get repository realpath for: "/home/martin/.vscode/extensions/.e24b6c5a-dae0-43bb-9dfb-db65cfc0adba/". Error:Error: ENOENT: no such file or directory, realpath '/home/martin/.vscode/extensions/.e24b6c5a-dae0-43bb-9dfb-db65cfc0adba/'
2024-10-13 16:04:49.613 [info] > git rev-parse --show-toplevel [1ms]
2024-10-13 16:04:49.613 [info] fatal: not a git repository (or any of the parent directories): .git
2024-10-13 16:06:02.569 [info] > git rev-parse --show-toplevel [4ms]
2024-10-13 16:06:02.569 [info] fatal: not a git repository (or any of the parent directories): .git
2024-10-13 16:06:03.225 [warning] [Model][getRepositoryExact] Failed to get repository realpath for: "/home/martin/.vscode/extensions/.d74b2192-bc58-4c92-9673-f34aaadf8008/". Error:Error: ENOENT: no such file or directory, realpath '/home/martin/.vscode/extensions/.d74b2192-bc58-4c92-9673-f34aaadf8008/'
2024-10-13 16:06:09.751 [info] > git rev-parse --show-toplevel [2ms]
2024-10-13 16:06:09.751 [info] fatal: not a git repository (or any of the parent directories): .git
2024-10-13 16:06:11.389 [info] > git rev-parse --show-toplevel [4ms]
2024-10-13 16:06:11.389 [info] fatal: not a git repository (or any of the parent directories): .git
2024-10-13 16:06:13.809 [info] > git rev-parse --show-toplevel [1ms]
2024-10-13 16:06:13.809 [info] fatal: not a git repository (or any of the parent directories): .git
2024-10-13 16:06:19.919 [info] > git rev-parse --show-toplevel [1ms]
2024-10-13 16:06:19.919 [info] fatal: not a git repository (or any of the parent directories): .git
2024-10-13 16:06:25.124 [info] > git rev-parse --show-toplevel [6ms]
2024-10-13 16:06:25.124 [info] fatal: not a git repository (or any of the parent directories): .git
2024-10-13 16:07:00.985 [info] > git rev-parse --show-toplevel [2ms]
2024-10-13 16:07:00.985 [info] fatal: not a git repository (or any of the parent directories): .git
2024-10-13 16:07:04.078 [info] > git rev-parse --show-toplevel [1ms]
2024-10-13 16:07:04.078 [info] fatal: not a git repository (or any of the parent directories): .git
2024-10-13 16:07:15.984 [info] > git rev-parse --show-toplevel [2ms]
2024-10-13 16:07:15.984 [info] fatal: not a git repository (or any of the parent directories): .git
2024-10-13 16:07:24.254 [info] > git rev-parse --show-toplevel [4ms]
2024-10-13 16:07:24.254 [info] fatal: not a git repository (or any of the parent directories): .git
