2024-10-14 20:31:11.628 [info] Added views:outline in workbench.view.explorer
2024-10-14 20:31:11.628 [info] Added views:workbench.view.search in workbench.view.search
2024-10-14 20:31:11.628 [info] Added views:workbench.scm in workbench.view.scm
2024-10-14 20:31:11.628 [info] Added views:workbench.panel.markers.view in workbench.panel.markers
2024-10-14 20:31:11.628 [info] Added views:workbench.panel.output in workbench.panel.output
2024-10-14 20:31:11.628 [info] Added views:terminal in terminal
2024-10-14 20:31:11.628 [info] Added views:timeline in workbench.view.explorer
2024-10-14 20:31:11.628 [info] Added views:workbench.explorer.fileView in workbench.view.explorer
2024-10-14 20:31:11.822 [info] Added views:workbench.debug.welcome in workbench.view.debug
2024-10-14 20:31:12.396 [info] Added views:workbench.panel.repl.view in workbench.panel.repl
2024-10-14 20:31:12.929 [info] Added views:~remote.forwardedPorts in ~remote.forwardedPortsContainer
2024-10-14 20:31:31.407 [info] Added views:workbench.views.extensions.installed,workbench.views.extensions.popular,extensions.recommendedList in workbench.view.extensions
2024-10-14 20:31:31.408 [info] Removed views:workbench.views.extensions.popular from workbench.view.extensions
2024-10-14 20:31:31.950 [info] Removed views:extensions.recommendedList,workbench.views.extensions.installed from workbench.view.extensions
2024-10-14 20:31:31.954 [info] Added views:workbench.views.extensions.searchEnabled in workbench.view.extensions
2024-10-14 20:31:36.775 [info] Removed views:workbench.views.extensions.searchEnabled from workbench.view.extensions
2024-10-14 20:31:36.781 [info] Added views:workbench.views.extensions.installed,extensions.recommendedList in workbench.view.extensions
2024-10-14 20:31:45.563 [info] Removed views:workbench.panel.repl.view from workbench.panel.repl
2024-10-14 20:31:45.772 [info] Added views:workbench.panel.repl.view in workbench.panel.repl
2024-10-14 20:34:00.646 [info] Added views:workbench.scm.history in workbench.view.scm
2024-10-14 20:34:18.007 [info] Removed views:workbench.scm.history from workbench.view.scm
